<?xml version="1.0" encoding="UTF-8"?>
<robot generator="Robot 5.0.1 (Python 3.9.13 on darwin)" generated="20221115 13:42:18.076" rpa="true" schemaversion="3">
<suite id="s1" name="Tasks" source="/Users/madmac/Desktop/robot/tasks.robot">
<test id="s1-t1" name="Insert the sales data for the week and export it as a PDF" line="14">
<kw name="Open Intranet Website">
<kw name="Open Available Browser" library="RPA.Browser.Selenium">
<arg>https://robotsparebinindustries.com/</arg>
<doc>Attempts to open a browser on the user's device from a set of
supported browsers. Automatically downloads a corresponding webdriver
if none is already installed.</doc>
<msg timestamp="20221115 13:42:19.178" level="INFO">Creating an instance of the Chrome WebDriver.</msg>
<msg timestamp="20221115 13:42:24.252" level="INFO">Created Chrome browser with arguments: --disable-dev-shm-usage --disable-web-security --allow-running-insecure-content --no-sandbox</msg>
<msg timestamp="20221115 13:42:24.252" level="INFO" html="true">&lt;p&gt;Attempted combinations:&lt;/p&gt;&lt;div class="doc"&gt;&lt;table&gt;&lt;tr&gt;&lt;th&gt;Browser&lt;/th&gt;&lt;th&gt;Download&lt;/th&gt;&lt;th&gt;Error&lt;/th&gt;&lt;/tr&gt;&lt;tr&gt;&lt;td&gt;Chrome&lt;/td&gt;&lt;td&gt;False&lt;/td&gt;&lt;td&gt;&lt;/td&gt;&lt;/tr&gt;&lt;/table&gt;&lt;/div&gt;</msg>
<msg timestamp="20221115 13:42:24.252" level="INFO">Opening url 'https://robotsparebinindustries.com/'</msg>
<status status="PASS" starttime="20221115 13:42:19.177" endtime="20221115 13:42:25.533"/>
</kw>
<status status="PASS" starttime="20221115 13:42:19.177" endtime="20221115 13:42:25.533"/>
</kw>
<kw name="Log in">
<kw name="Input Text" library="RPA.Browser.Selenium">
<arg>username</arg>
<arg>maria</arg>
<doc>Types the given ``text`` into the text field identified by ``locator``.</doc>
<msg timestamp="20221115 13:42:25.534" level="INFO">Typing text 'maria' into text field 'username'.</msg>
<status status="PASS" starttime="20221115 13:42:25.534" endtime="20221115 13:42:25.898"/>
</kw>
<kw name="Input Password" library="RPA.Browser.Selenium">
<arg>password</arg>
<arg>thoushallnotpass</arg>
<doc>Types the given password into the text field identified by ``locator``.</doc>
<msg timestamp="20221115 13:42:25.898" level="INFO">Typing password into text field 'password'.</msg>
<msg timestamp="20221115 13:42:25.935" level="INFO">Temporally setting log level to: NONE</msg>
<msg timestamp="20221115 13:42:26.000" level="INFO">Log level changed from NONE to INFO.</msg>
<status status="PASS" starttime="20221115 13:42:25.898" endtime="20221115 13:42:26.000"/>
</kw>
<kw name="Submit Form" library="RPA.Browser.Selenium">
<doc>Submits a form identified by ``locator``.</doc>
<msg timestamp="20221115 13:42:26.000" level="INFO">Submitting form 'None'.</msg>
<status status="PASS" starttime="20221115 13:42:26.000" endtime="20221115 13:42:26.027"/>
</kw>
<kw name="Wait Until Page Contains Element" library="RPA.Browser.Selenium">
<arg>id:sales-form</arg>
<doc>Waits until the element ``locator`` appears on the current page.</doc>
<status status="PASS" starttime="20221115 13:42:26.027" endtime="20221115 13:42:29.034"/>
</kw>
<status status="PASS" starttime="20221115 13:42:25.533" endtime="20221115 13:42:29.034"/>
</kw>
<kw name="Download the CSV file">
<kw name="Download" library="RPA.HTTP">
<arg>https://robotsparebinindustries.com/SalesData.xlsx</arg>
<doc>An alias for the ``HTTP Get`` keyword.</doc>
<msg timestamp="20221115 13:42:29.034" level="INFO">Creating a new HTTP session</msg>
<msg timestamp="20221115 13:42:29.035" level="INFO">Creating Session using : alias=rpasession_alias.httpsrobotsparebinindustries.com, url=https://robotsparebinindustries.com, headers={},                     cookies={}, auth=None, timeout=None, proxies=None, verify=True,                     debug=0 </msg>
<status status="PASS" starttime="20221115 13:42:29.034" endtime="20221115 13:42:29.233"/>
</kw>
<status status="PASS" starttime="20221115 13:42:29.034" endtime="20221115 13:42:29.234"/>
</kw>
<kw name="Fill in sales data from CSV">
<kw name="Read table from CSV" library="RPA.Tables">
<var>${salesreps}</var>
<arg>SalesData.csv</arg>
<doc>Read a CSV file as a table.</doc>
<msg timestamp="20221115 13:42:29.236" level="INFO">${salesreps} = Table(columns=['First Name', 'Last Name', 'Sales', 'Sales Target'], rows=50)</msg>
<status status="PASS" starttime="20221115 13:42:29.234" endtime="20221115 13:42:29.236"/>
</kw>
<for flavor="IN">
<var>${salesrep}</var>
<value>@{salesreps}</value>
<iter>
<var name="${salesrep}">{'First Name': 'David', 'Last Name': 'Heazel', 'Sales': '80193', 'Sales Target': '30000'}</var>
<kw name="Enter data for each person">
<arg>${salesrep}</arg>
<kw name="Input Text" library="RPA.Browser.Selenium">
<arg>firstname</arg>
<arg>${salesrep}[First Name]</arg>
<doc>Types the given ``text`` into the text field identified by ``locator``.</doc>
<msg timestamp="20221115 13:42:29.237" level="INFO">Typing text 'David' into text field 'firstname'.</msg>
<status status="PASS" starttime="20221115 13:42:29.237" endtime="20221115 13:42:29.324"/>
</kw>
<kw name="Input Text" library="RPA.Browser.Selenium">
<arg>lastname</arg>
<arg>${salesrep}[Last Name]</arg>
<doc>Types the given ``text`` into the text field identified by ``locator``.</doc>
<msg timestamp="20221115 13:42:29.324" level="INFO">Typing text 'Heazel' into text field 'lastname'.</msg>
<status status="PASS" starttime="20221115 13:42:29.324" endtime="20221115 13:42:29.543"/>
</kw>
<kw name="Input Text" library="RPA.Browser.Selenium">
<arg>salesresult</arg>
<arg>${salesrep}[Sales]</arg>
<doc>Types the given ``text`` into the text field identified by ``locator``.</doc>
<msg timestamp="20221115 13:42:29.543" level="INFO">Typing text '80193' into text field 'salesresult'.</msg>
<status status="PASS" starttime="20221115 13:42:29.543" endtime="20221115 13:42:29.876"/>
</kw>
<kw name="Select From List By Value" library="RPA.Browser.Selenium">
<arg>salestarget</arg>
<arg>${salesrep}[Sales Target]</arg>
<doc>Selects options from selection list ``locator`` by ``values``.</doc>
<msg timestamp="20221115 13:42:29.876" level="INFO">Selecting options from selection list 'salestarget' by value 30000.</msg>
<status status="PASS" starttime="20221115 13:42:29.876" endtime="20221115 13:42:30.153"/>
</kw>
<kw name="Click Button" library="RPA.Browser.Selenium">
<arg>Submit</arg>
<doc>Clicks the button identified by ``locator``.</doc>
<msg timestamp="20221115 13:42:30.153" level="INFO">Clicking button 'Submit'.</msg>
<status status="PASS" starttime="20221115 13:42:30.153" endtime="20221115 13:42:30.532"/>
</kw>
<status status="PASS" starttime="20221115 13:42:29.237" endtime="20221115 13:42:30.532"/>
</kw>
<status status="PASS" starttime="20221115 13:42:29.237" endtime="20221115 13:42:30.532"/>
</iter>
<iter>
<var name="${salesrep}">{'First Name': 'Conte', 'Last Name': 'Mascetti', 'Sales': '141182', 'Sales Target': '35000'}</var>
<kw name="Enter data for each person">
<arg>${salesrep}</arg>
<kw name="Input Text" library="RPA.Browser.Selenium">
<arg>firstname</arg>
<arg>${salesrep}[First Name]</arg>
<doc>Types the given ``text`` into the text field identified by ``locator``.</doc>
<msg timestamp="20221115 13:42:30.533" level="INFO">Typing text 'Conte' into text field 'firstname'.</msg>
<status status="PASS" starttime="20221115 13:42:30.532" endtime="20221115 13:42:30.584"/>
</kw>
<kw name="Input Text" library="RPA.Browser.Selenium">
<arg>lastname</arg>
<arg>${salesrep}[Last Name]</arg>
<doc>Types the given ``text`` into the text field identified by ``locator``.</doc>
<msg timestamp="20221115 13:42:30.585" level="INFO">Typing text 'Mascetti' into text field 'lastname'.</msg>
<status status="PASS" starttime="20221115 13:42:30.584" endtime="20221115 13:42:30.633"/>
</kw>
<kw name="Input Text" library="RPA.Browser.Selenium">
<arg>salesresult</arg>
<arg>${salesrep}[Sales]</arg>
<doc>Types the given ``text`` into the text field identified by ``locator``.</doc>
<msg timestamp="20221115 13:42:30.633" level="INFO">Typing text '141182' into text field 'salesresult'.</msg>
<status status="PASS" starttime="20221115 13:42:30.633" endtime="20221115 13:42:30.693"/>
</kw>
<kw name="Select From List By Value" library="RPA.Browser.Selenium">
<arg>salestarget</arg>
<arg>${salesrep}[Sales Target]</arg>
<doc>Selects options from selection list ``locator`` by ``values``.</doc>
<msg timestamp="20221115 13:42:30.693" level="INFO">Selecting options from selection list 'salestarget' by value 35000.</msg>
<status status="PASS" starttime="20221115 13:42:30.693" endtime="20221115 13:42:30.734"/>
</kw>
<kw name="Click Button" library="RPA.Browser.Selenium">
<arg>Submit</arg>
<doc>Clicks the button identified by ``locator``.</doc>
<msg timestamp="20221115 13:42:30.735" level="INFO">Clicking button 'Submit'.</msg>
<status status="PASS" starttime="20221115 13:42:30.735" endtime="20221115 13:42:31.632"/>
</kw>
<status status="PASS" starttime="20221115 13:42:30.532" endtime="20221115 13:42:31.632"/>
</kw>
<status status="PASS" starttime="20221115 13:42:30.532" endtime="20221115 13:42:31.632"/>
</iter>
<iter>
<var name="${salesrep}">{'First Name': 'Dallon', 'Last Name': 'Seals', 'Sales': '61456', 'Sales Target': '15000'}</var>
<kw name="Enter data for each person">
<arg>${salesrep}</arg>
<kw name="Input Text" library="RPA.Browser.Selenium">
<arg>firstname</arg>
<arg>${salesrep}[First Name]</arg>
<doc>Types the given ``text`` into the text field identified by ``locator``.</doc>
<msg timestamp="20221115 13:42:31.633" level="INFO">Typing text 'Dallon' into text field 'firstname'.</msg>
<status status="PASS" starttime="20221115 13:42:31.633" endtime="20221115 13:42:31.683"/>
</kw>
<kw name="Input Text" library="RPA.Browser.Selenium">
<arg>lastname</arg>
<arg>${salesrep}[Last Name]</arg>
<doc>Types the given ``text`` into the text field identified by ``locator``.</doc>
<msg timestamp="20221115 13:42:31.683" level="INFO">Typing text 'Seals' into text field 'lastname'.</msg>
<status status="PASS" starttime="20221115 13:42:31.683" endtime="20221115 13:42:31.736"/>
</kw>
<kw name="Input Text" library="RPA.Browser.Selenium">
<arg>salesresult</arg>
<arg>${salesrep}[Sales]</arg>
<doc>Types the given ``text`` into the text field identified by ``locator``.</doc>
<msg timestamp="20221115 13:42:31.737" level="INFO">Typing text '61456' into text field 'salesresult'.</msg>
<status status="PASS" starttime="20221115 13:42:31.736" endtime="20221115 13:42:31.819"/>
</kw>
<kw name="Select From List By Value" library="RPA.Browser.Selenium">
<arg>salestarget</arg>
<arg>${salesrep}[Sales Target]</arg>
<doc>Selects options from selection list ``locator`` by ``values``.</doc>
<msg timestamp="20221115 13:42:31.819" level="INFO">Selecting options from selection list 'salestarget' by value 15000.</msg>
<status status="PASS" starttime="20221115 13:42:31.819" endtime="20221115 13:42:31.858"/>
</kw>
<kw name="Click Button" library="RPA.Browser.Selenium">
<arg>Submit</arg>
<doc>Clicks the button identified by ``locator``.</doc>
<msg timestamp="20221115 13:42:31.859" level="INFO">Clicking button 'Submit'.</msg>
<status status="PASS" starttime="20221115 13:42:31.858" endtime="20221115 13:42:32.061"/>
</kw>
<status status="PASS" starttime="20221115 13:42:31.632" endtime="20221115 13:42:32.061"/>
</kw>
<status status="PASS" starttime="20221115 13:42:31.632" endtime="20221115 13:42:32.061"/>
</iter>
<iter>
<var name="${salesrep}">{'First Name': 'Jocelyn', 'Last Name': 'Thomsson', 'Sales': '99354', 'Sales Target': '95000'}</var>
<kw name="Enter data for each person">
<arg>${salesrep}</arg>
<kw name="Input Text" library="RPA.Browser.Selenium">
<arg>firstname</arg>
<arg>${salesrep}[First Name]</arg>
<doc>Types the given ``text`` into the text field identified by ``locator``.</doc>
<msg timestamp="20221115 13:42:32.062" level="INFO">Typing text 'Jocelyn' into text field 'firstname'.</msg>
<status status="PASS" starttime="20221115 13:42:32.062" endtime="20221115 13:42:32.109"/>
</kw>
<kw name="Input Text" library="RPA.Browser.Selenium">
<arg>lastname</arg>
<arg>${salesrep}[Last Name]</arg>
<doc>Types the given ``text`` into the text field identified by ``locator``.</doc>
<msg timestamp="20221115 13:42:32.109" level="INFO">Typing text 'Thomsson' into text field 'lastname'.</msg>
<status status="PASS" starttime="20221115 13:42:32.109" endtime="20221115 13:42:32.168"/>
</kw>
<kw name="Input Text" library="RPA.Browser.Selenium">
<arg>salesresult</arg>
<arg>${salesrep}[Sales]</arg>
<doc>Types the given ``text`` into the text field identified by ``locator``.</doc>
<msg timestamp="20221115 13:42:32.169" level="INFO">Typing text '99354' into text field 'salesresult'.</msg>
<status status="PASS" starttime="20221115 13:42:32.168" endtime="20221115 13:42:32.220"/>
</kw>
<kw name="Select From List By Value" library="RPA.Browser.Selenium">
<arg>salestarget</arg>
<arg>${salesrep}[Sales Target]</arg>
<doc>Selects options from selection list ``locator`` by ``values``.</doc>
<msg timestamp="20221115 13:42:32.220" level="INFO">Selecting options from selection list 'salestarget' by value 95000.</msg>
<status status="PASS" starttime="20221115 13:42:32.220" endtime="20221115 13:42:32.266"/>
</kw>
<kw name="Click Button" library="RPA.Browser.Selenium">
<arg>Submit</arg>
<doc>Clicks the button identified by ``locator``.</doc>
<msg timestamp="20221115 13:42:32.267" level="INFO">Clicking button 'Submit'.</msg>
<status status="PASS" starttime="20221115 13:42:32.266" endtime="20221115 13:42:32.453"/>
</kw>
<status status="PASS" starttime="20221115 13:42:32.061" endtime="20221115 13:42:32.453"/>
</kw>
<status status="PASS" starttime="20221115 13:42:32.061" endtime="20221115 13:42:32.453"/>
</iter>
<iter>
<var name="${salesrep}">{'First Name': 'Yoko', 'Last Name': 'Flecknell', 'Sales': '139701', 'Sales Target': '50000'}</var>
<kw name="Enter data for each person">
<arg>${salesrep}</arg>
<kw name="Input Text" library="RPA.Browser.Selenium">
<arg>firstname</arg>
<arg>${salesrep}[First Name]</arg>
<doc>Types the given ``text`` into the text field identified by ``locator``.</doc>
<msg timestamp="20221115 13:42:32.454" level="INFO">Typing text 'Yoko' into text field 'firstname'.</msg>
<status status="PASS" starttime="20221115 13:42:32.454" endtime="20221115 13:42:32.511"/>
</kw>
<kw name="Input Text" library="RPA.Browser.Selenium">
<arg>lastname</arg>
<arg>${salesrep}[Last Name]</arg>
<doc>Types the given ``text`` into the text field identified by ``locator``.</doc>
<msg timestamp="20221115 13:42:32.512" level="INFO">Typing text 'Flecknell' into text field 'lastname'.</msg>
<status status="PASS" starttime="20221115 13:42:32.511" endtime="20221115 13:42:32.559"/>
</kw>
<kw name="Input Text" library="RPA.Browser.Selenium">
<arg>salesresult</arg>
<arg>${salesrep}[Sales]</arg>
<doc>Types the given ``text`` into the text field identified by ``locator``.</doc>
<msg timestamp="20221115 13:42:32.559" level="INFO">Typing text '139701' into text field 'salesresult'.</msg>
<status status="PASS" starttime="20221115 13:42:32.559" endtime="20221115 13:42:32.612"/>
</kw>
<kw name="Select From List By Value" library="RPA.Browser.Selenium">
<arg>salestarget</arg>
<arg>${salesrep}[Sales Target]</arg>
<doc>Selects options from selection list ``locator`` by ``values``.</doc>
<msg timestamp="20221115 13:42:32.612" level="INFO">Selecting options from selection list 'salestarget' by value 50000.</msg>
<status status="PASS" starttime="20221115 13:42:32.612" endtime="20221115 13:42:32.659"/>
</kw>
<kw name="Click Button" library="RPA.Browser.Selenium">
<arg>Submit</arg>
<doc>Clicks the button identified by ``locator``.</doc>
<msg timestamp="20221115 13:42:32.659" level="INFO">Clicking button 'Submit'.</msg>
<status status="PASS" starttime="20221115 13:42:32.659" endtime="20221115 13:42:32.770"/>
</kw>
<status status="PASS" starttime="20221115 13:42:32.454" endtime="20221115 13:42:32.770"/>
</kw>
<status status="PASS" starttime="20221115 13:42:32.453" endtime="20221115 13:42:32.770"/>
</iter>
<iter>
<var name="${salesrep}">{'First Name': 'Ninnette', 'Last Name': 'Heinssen', 'Sales': '63808', 'Sales Target': '25000'}</var>
<kw name="Enter data for each person">
<arg>${salesrep}</arg>
<kw name="Input Text" library="RPA.Browser.Selenium">
<arg>firstname</arg>
<arg>${salesrep}[First Name]</arg>
<doc>Types the given ``text`` into the text field identified by ``locator``.</doc>
<msg timestamp="20221115 13:42:32.771" level="INFO">Typing text 'Ninnette' into text field 'firstname'.</msg>
<status status="PASS" starttime="20221115 13:42:32.771" endtime="20221115 13:42:32.832"/>
</kw>
<kw name="Input Text" library="RPA.Browser.Selenium">
<arg>lastname</arg>
<arg>${salesrep}[Last Name]</arg>
<doc>Types the given ``text`` into the text field identified by ``locator``.</doc>
<msg timestamp="20221115 13:42:32.832" level="INFO">Typing text 'Heinssen' into text field 'lastname'.</msg>
<status status="PASS" starttime="20221115 13:42:32.832" endtime="20221115 13:42:32.884"/>
</kw>
<kw name="Input Text" library="RPA.Browser.Selenium">
<arg>salesresult</arg>
<arg>${salesrep}[Sales]</arg>
<doc>Types the given ``text`` into the text field identified by ``locator``.</doc>
<msg timestamp="20221115 13:42:32.884" level="INFO">Typing text '63808' into text field 'salesresult'.</msg>
<status status="PASS" starttime="20221115 13:42:32.884" endtime="20221115 13:42:32.939"/>
</kw>
<kw name="Select From List By Value" library="RPA.Browser.Selenium">
<arg>salestarget</arg>
<arg>${salesrep}[Sales Target]</arg>
<doc>Selects options from selection list ``locator`` by ``values``.</doc>
<msg timestamp="20221115 13:42:32.940" level="INFO">Selecting options from selection list 'salestarget' by value 25000.</msg>
<status status="PASS" starttime="20221115 13:42:32.939" endtime="20221115 13:42:33.062"/>
</kw>
<kw name="Click Button" library="RPA.Browser.Selenium">
<arg>Submit</arg>
<doc>Clicks the button identified by ``locator``.</doc>
<msg timestamp="20221115 13:42:33.063" level="INFO">Clicking button 'Submit'.</msg>
<status status="PASS" starttime="20221115 13:42:33.062" endtime="20221115 13:42:33.200"/>
</kw>
<status status="PASS" starttime="20221115 13:42:32.770" endtime="20221115 13:42:33.200"/>
</kw>
<status status="PASS" starttime="20221115 13:42:32.770" endtime="20221115 13:42:33.200"/>
</iter>
<iter>
<var name="${salesrep}">{'First Name': 'Ahmed', 'Last Name': 'Vasnetsov', 'Sales': '50211', 'Sales Target': '60000'}</var>
<kw name="Enter data for each person">
<arg>${salesrep}</arg>
<kw name="Input Text" library="RPA.Browser.Selenium">
<arg>firstname</arg>
<arg>${salesrep}[First Name]</arg>
<doc>Types the given ``text`` into the text field identified by ``locator``.</doc>
<msg timestamp="20221115 13:42:33.201" level="INFO">Typing text 'Ahmed' into text field 'firstname'.</msg>
<status status="PASS" starttime="20221115 13:42:33.201" endtime="20221115 13:42:33.250"/>
</kw>
<kw name="Input Text" library="RPA.Browser.Selenium">
<arg>lastname</arg>
<arg>${salesrep}[Last Name]</arg>
<doc>Types the given ``text`` into the text field identified by ``locator``.</doc>
<msg timestamp="20221115 13:42:33.250" level="INFO">Typing text 'Vasnetsov' into text field 'lastname'.</msg>
<status status="PASS" starttime="20221115 13:42:33.250" endtime="20221115 13:42:33.298"/>
</kw>
<kw name="Input Text" library="RPA.Browser.Selenium">
<arg>salesresult</arg>
<arg>${salesrep}[Sales]</arg>
<doc>Types the given ``text`` into the text field identified by ``locator``.</doc>
<msg timestamp="20221115 13:42:33.299" level="INFO">Typing text '50211' into text field 'salesresult'.</msg>
<status status="PASS" starttime="20221115 13:42:33.299" endtime="20221115 13:42:33.345"/>
</kw>
<kw name="Select From List By Value" library="RPA.Browser.Selenium">
<arg>salestarget</arg>
<arg>${salesrep}[Sales Target]</arg>
<doc>Selects options from selection list ``locator`` by ``values``.</doc>
<msg timestamp="20221115 13:42:33.346" level="INFO">Selecting options from selection list 'salestarget' by value 60000.</msg>
<status status="PASS" starttime="20221115 13:42:33.345" endtime="20221115 13:42:33.386"/>
</kw>
<kw name="Click Button" library="RPA.Browser.Selenium">
<arg>Submit</arg>
<doc>Clicks the button identified by ``locator``.</doc>
<msg timestamp="20221115 13:42:33.387" level="INFO">Clicking button 'Submit'.</msg>
<status status="PASS" starttime="20221115 13:42:33.386" endtime="20221115 13:42:33.483"/>
</kw>
<status status="PASS" starttime="20221115 13:42:33.201" endtime="20221115 13:42:33.483"/>
</kw>
<status status="PASS" starttime="20221115 13:42:33.201" endtime="20221115 13:42:33.483"/>
</iter>
<iter>
<var name="${salesrep}">{'First Name': 'Pearline', 'Last Name': 'Fenton', 'Sales': '78556', 'Sales Target': '35000'}</var>
<kw name="Enter data for each person">
<arg>${salesrep}</arg>
<kw name="Input Text" library="RPA.Browser.Selenium">
<arg>firstname</arg>
<arg>${salesrep}[First Name]</arg>
<doc>Types the given ``text`` into the text field identified by ``locator``.</doc>
<msg timestamp="20221115 13:42:33.484" level="INFO">Typing text 'Pearline' into text field 'firstname'.</msg>
<status status="PASS" starttime="20221115 13:42:33.484" endtime="20221115 13:42:33.534"/>
</kw>
<kw name="Input Text" library="RPA.Browser.Selenium">
<arg>lastname</arg>
<arg>${salesrep}[Last Name]</arg>
<doc>Types the given ``text`` into the text field identified by ``locator``.</doc>
<msg timestamp="20221115 13:42:33.535" level="INFO">Typing text 'Fenton' into text field 'lastname'.</msg>
<status status="PASS" starttime="20221115 13:42:33.535" endtime="20221115 13:42:33.590"/>
</kw>
<kw name="Input Text" library="RPA.Browser.Selenium">
<arg>salesresult</arg>
<arg>${salesrep}[Sales]</arg>
<doc>Types the given ``text`` into the text field identified by ``locator``.</doc>
<msg timestamp="20221115 13:42:33.590" level="INFO">Typing text '78556' into text field 'salesresult'.</msg>
<status status="PASS" starttime="20221115 13:42:33.590" endtime="20221115 13:42:33.642"/>
</kw>
<kw name="Select From List By Value" library="RPA.Browser.Selenium">
<arg>salestarget</arg>
<arg>${salesrep}[Sales Target]</arg>
<doc>Selects options from selection list ``locator`` by ``values``.</doc>
<msg timestamp="20221115 13:42:33.642" level="INFO">Selecting options from selection list 'salestarget' by value 35000.</msg>
<status status="PASS" starttime="20221115 13:42:33.642" endtime="20221115 13:42:33.682"/>
</kw>
<kw name="Click Button" library="RPA.Browser.Selenium">
<arg>Submit</arg>
<doc>Clicks the button identified by ``locator``.</doc>
<msg timestamp="20221115 13:42:33.682" level="INFO">Clicking button 'Submit'.</msg>
<status status="PASS" starttime="20221115 13:42:33.682" endtime="20221115 13:42:33.825"/>
</kw>
<status status="PASS" starttime="20221115 13:42:33.484" endtime="20221115 13:42:33.826"/>
</kw>
<status status="PASS" starttime="20221115 13:42:33.484" endtime="20221115 13:42:33.826"/>
</iter>
<iter>
<var name="${salesrep}">{'First Name': 'Lelah', 'Last Name': 'Yewdale', 'Sales': '122695', 'Sales Target': '100000'}</var>
<kw name="Enter data for each person">
<arg>${salesrep}</arg>
<kw name="Input Text" library="RPA.Browser.Selenium">
<arg>firstname</arg>
<arg>${salesrep}[First Name]</arg>
<doc>Types the given ``text`` into the text field identified by ``locator``.</doc>
<msg timestamp="20221115 13:42:33.826" level="INFO">Typing text 'Lelah' into text field 'firstname'.</msg>
<status status="PASS" starttime="20221115 13:42:33.826" endtime="20221115 13:42:33.881"/>
</kw>
<kw name="Input Text" library="RPA.Browser.Selenium">
<arg>lastname</arg>
<arg>${salesrep}[Last Name]</arg>
<doc>Types the given ``text`` into the text field identified by ``locator``.</doc>
<msg timestamp="20221115 13:42:33.881" level="INFO">Typing text 'Yewdale' into text field 'lastname'.</msg>
<status status="PASS" starttime="20221115 13:42:33.881" endtime="20221115 13:42:33.929"/>
</kw>
<kw name="Input Text" library="RPA.Browser.Selenium">
<arg>salesresult</arg>
<arg>${salesrep}[Sales]</arg>
<doc>Types the given ``text`` into the text field identified by ``locator``.</doc>
<msg timestamp="20221115 13:42:33.929" level="INFO">Typing text '122695' into text field 'salesresult'.</msg>
<status status="PASS" starttime="20221115 13:42:33.929" endtime="20221115 13:42:33.978"/>
</kw>
<kw name="Select From List By Value" library="RPA.Browser.Selenium">
<arg>salestarget</arg>
<arg>${salesrep}[Sales Target]</arg>
<doc>Selects options from selection list ``locator`` by ``values``.</doc>
<msg timestamp="20221115 13:42:33.978" level="INFO">Selecting options from selection list 'salestarget' by value 100000.</msg>
<status status="PASS" starttime="20221115 13:42:33.978" endtime="20221115 13:42:34.018"/>
</kw>
<kw name="Click Button" library="RPA.Browser.Selenium">
<arg>Submit</arg>
<doc>Clicks the button identified by ``locator``.</doc>
<msg timestamp="20221115 13:42:34.018" level="INFO">Clicking button 'Submit'.</msg>
<status status="PASS" starttime="20221115 13:42:34.018" endtime="20221115 13:42:34.149"/>
</kw>
<status status="PASS" starttime="20221115 13:42:33.826" endtime="20221115 13:42:34.149"/>
</kw>
<status status="PASS" starttime="20221115 13:42:33.826" endtime="20221115 13:42:34.149"/>
</iter>
<iter>
<var name="${salesrep}">{'First Name': 'Belinda', 'Last Name': 'Blumenthal', 'Sales': '115410', 'Sales Target': '70000'}</var>
<kw name="Enter data for each person">
<arg>${salesrep}</arg>
<kw name="Input Text" library="RPA.Browser.Selenium">
<arg>firstname</arg>
<arg>${salesrep}[First Name]</arg>
<doc>Types the given ``text`` into the text field identified by ``locator``.</doc>
<msg timestamp="20221115 13:42:34.150" level="INFO">Typing text 'Belinda' into text field 'firstname'.</msg>
<status status="PASS" starttime="20221115 13:42:34.150" endtime="20221115 13:42:34.227"/>
</kw>
<kw name="Input Text" library="RPA.Browser.Selenium">
<arg>lastname</arg>
<arg>${salesrep}[Last Name]</arg>
<doc>Types the given ``text`` into the text field identified by ``locator``.</doc>
<msg timestamp="20221115 13:42:34.227" level="INFO">Typing text 'Blumenthal' into text field 'lastname'.</msg>
<status status="PASS" starttime="20221115 13:42:34.227" endtime="20221115 13:42:34.283"/>
</kw>
<kw name="Input Text" library="RPA.Browser.Selenium">
<arg>salesresult</arg>
<arg>${salesrep}[Sales]</arg>
<doc>Types the given ``text`` into the text field identified by ``locator``.</doc>
<msg timestamp="20221115 13:42:34.283" level="INFO">Typing text '115410' into text field 'salesresult'.</msg>
<status status="PASS" starttime="20221115 13:42:34.283" endtime="20221115 13:42:34.335"/>
</kw>
<kw name="Select From List By Value" library="RPA.Browser.Selenium">
<arg>salestarget</arg>
<arg>${salesrep}[Sales Target]</arg>
<doc>Selects options from selection list ``locator`` by ``values``.</doc>
<msg timestamp="20221115 13:42:34.336" level="INFO">Selecting options from selection list 'salestarget' by value 70000.</msg>
<status status="PASS" starttime="20221115 13:42:34.335" endtime="20221115 13:42:34.392"/>
</kw>
<kw name="Click Button" library="RPA.Browser.Selenium">
<arg>Submit</arg>
<doc>Clicks the button identified by ``locator``.</doc>
<msg timestamp="20221115 13:42:34.392" level="INFO">Clicking button 'Submit'.</msg>
<status status="PASS" starttime="20221115 13:42:34.392" endtime="20221115 13:42:34.569"/>
</kw>
<status status="PASS" starttime="20221115 13:42:34.149" endtime="20221115 13:42:34.569"/>
</kw>
<status status="PASS" starttime="20221115 13:42:34.149" endtime="20221115 13:42:34.569"/>
</iter>
<iter>
<var name="${salesrep}">{'First Name': 'Antoni', 'Last Name': 'Degoe', 'Sales': '106991', 'Sales Target': '75000'}</var>
<kw name="Enter data for each person">
<arg>${salesrep}</arg>
<kw name="Input Text" library="RPA.Browser.Selenium">
<arg>firstname</arg>
<arg>${salesrep}[First Name]</arg>
<doc>Types the given ``text`` into the text field identified by ``locator``.</doc>
<msg timestamp="20221115 13:42:34.570" level="INFO">Typing text 'Antoni' into text field 'firstname'.</msg>
<status status="PASS" starttime="20221115 13:42:34.570" endtime="20221115 13:42:34.724"/>
</kw>
<kw name="Input Text" library="RPA.Browser.Selenium">
<arg>lastname</arg>
<arg>${salesrep}[Last Name]</arg>
<doc>Types the given ``text`` into the text field identified by ``locator``.</doc>
<msg timestamp="20221115 13:42:34.725" level="INFO">Typing text 'Degoe' into text field 'lastname'.</msg>
<status status="PASS" starttime="20221115 13:42:34.724" endtime="20221115 13:42:34.774"/>
</kw>
<kw name="Input Text" library="RPA.Browser.Selenium">
<arg>salesresult</arg>
<arg>${salesrep}[Sales]</arg>
<doc>Types the given ``text`` into the text field identified by ``locator``.</doc>
<msg timestamp="20221115 13:42:34.775" level="INFO">Typing text '106991' into text field 'salesresult'.</msg>
<status status="PASS" starttime="20221115 13:42:34.774" endtime="20221115 13:42:34.822"/>
</kw>
<kw name="Select From List By Value" library="RPA.Browser.Selenium">
<arg>salestarget</arg>
<arg>${salesrep}[Sales Target]</arg>
<doc>Selects options from selection list ``locator`` by ``values``.</doc>
<msg timestamp="20221115 13:42:34.822" level="INFO">Selecting options from selection list 'salestarget' by value 75000.</msg>
<status status="PASS" starttime="20221115 13:42:34.822" endtime="20221115 13:42:34.862"/>
</kw>
<kw name="Click Button" library="RPA.Browser.Selenium">
<arg>Submit</arg>
<doc>Clicks the button identified by ``locator``.</doc>
<msg timestamp="20221115 13:42:34.863" level="INFO">Clicking button 'Submit'.</msg>
<status status="PASS" starttime="20221115 13:42:34.863" endtime="20221115 13:42:35.123"/>
</kw>
<status status="PASS" starttime="20221115 13:42:34.570" endtime="20221115 13:42:35.123"/>
</kw>
<status status="PASS" starttime="20221115 13:42:34.570" endtime="20221115 13:42:35.123"/>
</iter>
<iter>
<var name="${salesrep}">{'First Name': 'Donnamarie', 'Last Name': 'Watts', 'Sales': '25924', 'Sales Target': '85000'}</var>
<kw name="Enter data for each person">
<arg>${salesrep}</arg>
<kw name="Input Text" library="RPA.Browser.Selenium">
<arg>firstname</arg>
<arg>${salesrep}[First Name]</arg>
<doc>Types the given ``text`` into the text field identified by ``locator``.</doc>
<msg timestamp="20221115 13:42:35.124" level="INFO">Typing text 'Donnamarie' into text field 'firstname'.</msg>
<status status="PASS" starttime="20221115 13:42:35.124" endtime="20221115 13:42:35.184"/>
</kw>
<kw name="Input Text" library="RPA.Browser.Selenium">
<arg>lastname</arg>
<arg>${salesrep}[Last Name]</arg>
<doc>Types the given ``text`` into the text field identified by ``locator``.</doc>
<msg timestamp="20221115 13:42:35.185" level="INFO">Typing text 'Watts' into text field 'lastname'.</msg>
<status status="PASS" starttime="20221115 13:42:35.185" endtime="20221115 13:42:35.232"/>
</kw>
<kw name="Input Text" library="RPA.Browser.Selenium">
<arg>salesresult</arg>
<arg>${salesrep}[Sales]</arg>
<doc>Types the given ``text`` into the text field identified by ``locator``.</doc>
<msg timestamp="20221115 13:42:35.233" level="INFO">Typing text '25924' into text field 'salesresult'.</msg>
<status status="PASS" starttime="20221115 13:42:35.233" endtime="20221115 13:42:35.280"/>
</kw>
<kw name="Select From List By Value" library="RPA.Browser.Selenium">
<arg>salestarget</arg>
<arg>${salesrep}[Sales Target]</arg>
<doc>Selects options from selection list ``locator`` by ``values``.</doc>
<msg timestamp="20221115 13:42:35.281" level="INFO">Selecting options from selection list 'salestarget' by value 85000.</msg>
<status status="PASS" starttime="20221115 13:42:35.281" endtime="20221115 13:42:35.321"/>
</kw>
<kw name="Click Button" library="RPA.Browser.Selenium">
<arg>Submit</arg>
<doc>Clicks the button identified by ``locator``.</doc>
<msg timestamp="20221115 13:42:35.321" level="INFO">Clicking button 'Submit'.</msg>
<status status="PASS" starttime="20221115 13:42:35.321" endtime="20221115 13:42:35.411"/>
</kw>
<status status="PASS" starttime="20221115 13:42:35.124" endtime="20221115 13:42:35.412"/>
</kw>
<status status="PASS" starttime="20221115 13:42:35.124" endtime="20221115 13:42:35.412"/>
</iter>
<iter>
<var name="${salesrep}">{'First Name': 'Anabella', 'Last Name': 'Blindermann', 'Sales': '43564', 'Sales Target': '85000'}</var>
<kw name="Enter data for each person">
<arg>${salesrep}</arg>
<kw name="Input Text" library="RPA.Browser.Selenium">
<arg>firstname</arg>
<arg>${salesrep}[First Name]</arg>
<doc>Types the given ``text`` into the text field identified by ``locator``.</doc>
<msg timestamp="20221115 13:42:35.412" level="INFO">Typing text 'Anabella' into text field 'firstname'.</msg>
<status status="PASS" starttime="20221115 13:42:35.412" endtime="20221115 13:42:35.466"/>
</kw>
<kw name="Input Text" library="RPA.Browser.Selenium">
<arg>lastname</arg>
<arg>${salesrep}[Last Name]</arg>
<doc>Types the given ``text`` into the text field identified by ``locator``.</doc>
<msg timestamp="20221115 13:42:35.466" level="INFO">Typing text 'Blindermann' into text field 'lastname'.</msg>
<status status="PASS" starttime="20221115 13:42:35.466" endtime="20221115 13:42:35.523"/>
</kw>
<kw name="Input Text" library="RPA.Browser.Selenium">
<arg>salesresult</arg>
<arg>${salesrep}[Sales]</arg>
<doc>Types the given ``text`` into the text field identified by ``locator``.</doc>
<msg timestamp="20221115 13:42:35.523" level="INFO">Typing text '43564' into text field 'salesresult'.</msg>
<status status="PASS" starttime="20221115 13:42:35.523" endtime="20221115 13:42:35.602"/>
</kw>
<kw name="Select From List By Value" library="RPA.Browser.Selenium">
<arg>salestarget</arg>
<arg>${salesrep}[Sales Target]</arg>
<doc>Selects options from selection list ``locator`` by ``values``.</doc>
<msg timestamp="20221115 13:42:35.603" level="INFO">Selecting options from selection list 'salestarget' by value 85000.</msg>
<status status="PASS" starttime="20221115 13:42:35.602" endtime="20221115 13:42:35.657"/>
</kw>
<kw name="Click Button" library="RPA.Browser.Selenium">
<arg>Submit</arg>
<doc>Clicks the button identified by ``locator``.</doc>
<msg timestamp="20221115 13:42:35.658" level="INFO">Clicking button 'Submit'.</msg>
<status status="PASS" starttime="20221115 13:42:35.657" endtime="20221115 13:42:35.888"/>
</kw>
<status status="PASS" starttime="20221115 13:42:35.412" endtime="20221115 13:42:35.888"/>
</kw>
<status status="PASS" starttime="20221115 13:42:35.412" endtime="20221115 13:42:35.888"/>
</iter>
<iter>
<var name="${salesrep}">{'First Name': 'Fred', 'Last Name': 'Mengoni', 'Sales': '131725', 'Sales Target': '5000'}</var>
<kw name="Enter data for each person">
<arg>${salesrep}</arg>
<kw name="Input Text" library="RPA.Browser.Selenium">
<arg>firstname</arg>
<arg>${salesrep}[First Name]</arg>
<doc>Types the given ``text`` into the text field identified by ``locator``.</doc>
<msg timestamp="20221115 13:42:35.889" level="INFO">Typing text 'Fred' into text field 'firstname'.</msg>
<status status="PASS" starttime="20221115 13:42:35.889" endtime="20221115 13:42:35.946"/>
</kw>
<kw name="Input Text" library="RPA.Browser.Selenium">
<arg>lastname</arg>
<arg>${salesrep}[Last Name]</arg>
<doc>Types the given ``text`` into the text field identified by ``locator``.</doc>
<msg timestamp="20221115 13:42:35.947" level="INFO">Typing text 'Mengoni' into text field 'lastname'.</msg>
<status status="PASS" starttime="20221115 13:42:35.946" endtime="20221115 13:42:35.997"/>
</kw>
<kw name="Input Text" library="RPA.Browser.Selenium">
<arg>salesresult</arg>
<arg>${salesrep}[Sales]</arg>
<doc>Types the given ``text`` into the text field identified by ``locator``.</doc>
<msg timestamp="20221115 13:42:35.997" level="INFO">Typing text '131725' into text field 'salesresult'.</msg>
<status status="PASS" starttime="20221115 13:42:35.997" endtime="20221115 13:42:36.048"/>
</kw>
<kw name="Select From List By Value" library="RPA.Browser.Selenium">
<arg>salestarget</arg>
<arg>${salesrep}[Sales Target]</arg>
<doc>Selects options from selection list ``locator`` by ``values``.</doc>
<msg timestamp="20221115 13:42:36.048" level="INFO">Selecting options from selection list 'salestarget' by value 5000.</msg>
<status status="PASS" starttime="20221115 13:42:36.048" endtime="20221115 13:42:36.068"/>
</kw>
<kw name="Click Button" library="RPA.Browser.Selenium">
<arg>Submit</arg>
<doc>Clicks the button identified by ``locator``.</doc>
<msg timestamp="20221115 13:42:36.068" level="INFO">Clicking button 'Submit'.</msg>
<status status="PASS" starttime="20221115 13:42:36.068" endtime="20221115 13:42:36.164"/>
</kw>
<status status="PASS" starttime="20221115 13:42:35.888" endtime="20221115 13:42:36.165"/>
</kw>
<status status="PASS" starttime="20221115 13:42:35.888" endtime="20221115 13:42:36.165"/>
</iter>
<iter>
<var name="${salesrep}">{'First Name': 'Nathanil', 'Last Name': 'Bragg', 'Sales': '100336', 'Sales Target': '35000'}</var>
<kw name="Enter data for each person">
<arg>${salesrep}</arg>
<kw name="Input Text" library="RPA.Browser.Selenium">
<arg>firstname</arg>
<arg>${salesrep}[First Name]</arg>
<doc>Types the given ``text`` into the text field identified by ``locator``.</doc>
<msg timestamp="20221115 13:42:36.165" level="INFO">Typing text 'Nathanil' into text field 'firstname'.</msg>
<status status="PASS" starttime="20221115 13:42:36.165" endtime="20221115 13:42:36.224"/>
</kw>
<kw name="Input Text" library="RPA.Browser.Selenium">
<arg>lastname</arg>
<arg>${salesrep}[Last Name]</arg>
<doc>Types the given ``text`` into the text field identified by ``locator``.</doc>
<msg timestamp="20221115 13:42:36.225" level="INFO">Typing text 'Bragg' into text field 'lastname'.</msg>
<status status="PASS" starttime="20221115 13:42:36.224" endtime="20221115 13:42:36.277"/>
</kw>
<kw name="Input Text" library="RPA.Browser.Selenium">
<arg>salesresult</arg>
<arg>${salesrep}[Sales]</arg>
<doc>Types the given ``text`` into the text field identified by ``locator``.</doc>
<msg timestamp="20221115 13:42:36.277" level="INFO">Typing text '100336' into text field 'salesresult'.</msg>
<status status="PASS" starttime="20221115 13:42:36.277" endtime="20221115 13:42:36.329"/>
</kw>
<kw name="Select From List By Value" library="RPA.Browser.Selenium">
<arg>salestarget</arg>
<arg>${salesrep}[Sales Target]</arg>
<doc>Selects options from selection list ``locator`` by ``values``.</doc>
<msg timestamp="20221115 13:42:36.330" level="INFO">Selecting options from selection list 'salestarget' by value 35000.</msg>
<status status="PASS" starttime="20221115 13:42:36.330" endtime="20221115 13:42:36.375"/>
</kw>
<kw name="Click Button" library="RPA.Browser.Selenium">
<arg>Submit</arg>
<doc>Clicks the button identified by ``locator``.</doc>
<msg timestamp="20221115 13:42:36.376" level="INFO">Clicking button 'Submit'.</msg>
<status status="PASS" starttime="20221115 13:42:36.375" endtime="20221115 13:42:36.486"/>
</kw>
<status status="PASS" starttime="20221115 13:42:36.165" endtime="20221115 13:42:36.486"/>
</kw>
<status status="PASS" starttime="20221115 13:42:36.165" endtime="20221115 13:42:36.486"/>
</iter>
<iter>
<var name="${salesrep}">{'First Name': 'Casar', 'Last Name': 'Kubek', 'Sales': '143750', 'Sales Target': '100000'}</var>
<kw name="Enter data for each person">
<arg>${salesrep}</arg>
<kw name="Input Text" library="RPA.Browser.Selenium">
<arg>firstname</arg>
<arg>${salesrep}[First Name]</arg>
<doc>Types the given ``text`` into the text field identified by ``locator``.</doc>
<msg timestamp="20221115 13:42:36.487" level="INFO">Typing text 'Casar' into text field 'firstname'.</msg>
<status status="PASS" starttime="20221115 13:42:36.486" endtime="20221115 13:42:36.537"/>
</kw>
<kw name="Input Text" library="RPA.Browser.Selenium">
<arg>lastname</arg>
<arg>${salesrep}[Last Name]</arg>
<doc>Types the given ``text`` into the text field identified by ``locator``.</doc>
<msg timestamp="20221115 13:42:36.538" level="INFO">Typing text 'Kubek' into text field 'lastname'.</msg>
<status status="PASS" starttime="20221115 13:42:36.537" endtime="20221115 13:42:36.586"/>
</kw>
<kw name="Input Text" library="RPA.Browser.Selenium">
<arg>salesresult</arg>
<arg>${salesrep}[Sales]</arg>
<doc>Types the given ``text`` into the text field identified by ``locator``.</doc>
<msg timestamp="20221115 13:42:36.586" level="INFO">Typing text '143750' into text field 'salesresult'.</msg>
<status status="PASS" starttime="20221115 13:42:36.586" endtime="20221115 13:42:36.634"/>
</kw>
<kw name="Select From List By Value" library="RPA.Browser.Selenium">
<arg>salestarget</arg>
<arg>${salesrep}[Sales Target]</arg>
<doc>Selects options from selection list ``locator`` by ``values``.</doc>
<msg timestamp="20221115 13:42:36.634" level="INFO">Selecting options from selection list 'salestarget' by value 100000.</msg>
<status status="PASS" starttime="20221115 13:42:36.634" endtime="20221115 13:42:36.673"/>
</kw>
<kw name="Click Button" library="RPA.Browser.Selenium">
<arg>Submit</arg>
<doc>Clicks the button identified by ``locator``.</doc>
<msg timestamp="20221115 13:42:36.673" level="INFO">Clicking button 'Submit'.</msg>
<status status="PASS" starttime="20221115 13:42:36.673" endtime="20221115 13:42:36.803"/>
</kw>
<status status="PASS" starttime="20221115 13:42:36.486" endtime="20221115 13:42:36.803"/>
</kw>
<status status="PASS" starttime="20221115 13:42:36.486" endtime="20221115 13:42:36.803"/>
</iter>
<iter>
<var name="${salesrep}">{'First Name': 'Myrtle', 'Last Name': 'Puddle', 'Sales': '22729', 'Sales Target': '10000'}</var>
<kw name="Enter data for each person">
<arg>${salesrep}</arg>
<kw name="Input Text" library="RPA.Browser.Selenium">
<arg>firstname</arg>
<arg>${salesrep}[First Name]</arg>
<doc>Types the given ``text`` into the text field identified by ``locator``.</doc>
<msg timestamp="20221115 13:42:36.804" level="INFO">Typing text 'Myrtle' into text field 'firstname'.</msg>
<status status="PASS" starttime="20221115 13:42:36.803" endtime="20221115 13:42:36.872"/>
</kw>
<kw name="Input Text" library="RPA.Browser.Selenium">
<arg>lastname</arg>
<arg>${salesrep}[Last Name]</arg>
<doc>Types the given ``text`` into the text field identified by ``locator``.</doc>
<msg timestamp="20221115 13:42:36.872" level="INFO">Typing text 'Puddle' into text field 'lastname'.</msg>
<status status="PASS" starttime="20221115 13:42:36.872" endtime="20221115 13:42:36.932"/>
</kw>
<kw name="Input Text" library="RPA.Browser.Selenium">
<arg>salesresult</arg>
<arg>${salesrep}[Sales]</arg>
<doc>Types the given ``text`` into the text field identified by ``locator``.</doc>
<msg timestamp="20221115 13:42:36.933" level="INFO">Typing text '22729' into text field 'salesresult'.</msg>
<status status="PASS" starttime="20221115 13:42:36.932" endtime="20221115 13:42:36.982"/>
</kw>
<kw name="Select From List By Value" library="RPA.Browser.Selenium">
<arg>salestarget</arg>
<arg>${salesrep}[Sales Target]</arg>
<doc>Selects options from selection list ``locator`` by ``values``.</doc>
<msg timestamp="20221115 13:42:36.982" level="INFO">Selecting options from selection list 'salestarget' by value 10000.</msg>
<status status="PASS" starttime="20221115 13:42:36.982" endtime="20221115 13:42:37.023"/>
</kw>
<kw name="Click Button" library="RPA.Browser.Selenium">
<arg>Submit</arg>
<doc>Clicks the button identified by ``locator``.</doc>
<msg timestamp="20221115 13:42:37.024" level="INFO">Clicking button 'Submit'.</msg>
<status status="PASS" starttime="20221115 13:42:37.023" endtime="20221115 13:42:37.147"/>
</kw>
<status status="PASS" starttime="20221115 13:42:36.803" endtime="20221115 13:42:37.147"/>
</kw>
<status status="PASS" starttime="20221115 13:42:36.803" endtime="20221115 13:42:37.147"/>
</iter>
<iter>
<var name="${salesrep}">{'First Name': 'Devi', 'Last Name': 'Oag', 'Sales': '140919', 'Sales Target': '10000'}</var>
<kw name="Enter data for each person">
<arg>${salesrep}</arg>
<kw name="Input Text" library="RPA.Browser.Selenium">
<arg>firstname</arg>
<arg>${salesrep}[First Name]</arg>
<doc>Types the given ``text`` into the text field identified by ``locator``.</doc>
<msg timestamp="20221115 13:42:37.148" level="INFO">Typing text 'Devi' into text field 'firstname'.</msg>
<status status="PASS" starttime="20221115 13:42:37.147" endtime="20221115 13:42:37.226"/>
</kw>
<kw name="Input Text" library="RPA.Browser.Selenium">
<arg>lastname</arg>
<arg>${salesrep}[Last Name]</arg>
<doc>Types the given ``text`` into the text field identified by ``locator``.</doc>
<msg timestamp="20221115 13:42:37.226" level="INFO">Typing text 'Oag' into text field 'lastname'.</msg>
<status status="PASS" starttime="20221115 13:42:37.226" endtime="20221115 13:42:37.275"/>
</kw>
<kw name="Input Text" library="RPA.Browser.Selenium">
<arg>salesresult</arg>
<arg>${salesrep}[Sales]</arg>
<doc>Types the given ``text`` into the text field identified by ``locator``.</doc>
<msg timestamp="20221115 13:42:37.275" level="INFO">Typing text '140919' into text field 'salesresult'.</msg>
<status status="PASS" starttime="20221115 13:42:37.275" endtime="20221115 13:42:37.322"/>
</kw>
<kw name="Select From List By Value" library="RPA.Browser.Selenium">
<arg>salestarget</arg>
<arg>${salesrep}[Sales Target]</arg>
<doc>Selects options from selection list ``locator`` by ``values``.</doc>
<msg timestamp="20221115 13:42:37.322" level="INFO">Selecting options from selection list 'salestarget' by value 10000.</msg>
<status status="PASS" starttime="20221115 13:42:37.322" endtime="20221115 13:42:37.364"/>
</kw>
<kw name="Click Button" library="RPA.Browser.Selenium">
<arg>Submit</arg>
<doc>Clicks the button identified by ``locator``.</doc>
<msg timestamp="20221115 13:42:37.364" level="INFO">Clicking button 'Submit'.</msg>
<status status="PASS" starttime="20221115 13:42:37.364" endtime="20221115 13:42:37.483"/>
</kw>
<status status="PASS" starttime="20221115 13:42:37.147" endtime="20221115 13:42:37.484"/>
</kw>
<status status="PASS" starttime="20221115 13:42:37.147" endtime="20221115 13:42:37.484"/>
</iter>
<iter>
<var name="${salesrep}">{'First Name': 'Emyle', 'Last Name': "O'Driscole", 'Sales': '70981', 'Sales Target': '10000'}</var>
<kw name="Enter data for each person">
<arg>${salesrep}</arg>
<kw name="Input Text" library="RPA.Browser.Selenium">
<arg>firstname</arg>
<arg>${salesrep}[First Name]</arg>
<doc>Types the given ``text`` into the text field identified by ``locator``.</doc>
<msg timestamp="20221115 13:42:37.484" level="INFO">Typing text 'Emyle' into text field 'firstname'.</msg>
<status status="PASS" starttime="20221115 13:42:37.484" endtime="20221115 13:42:37.536"/>
</kw>
<kw name="Input Text" library="RPA.Browser.Selenium">
<arg>lastname</arg>
<arg>${salesrep}[Last Name]</arg>
<doc>Types the given ``text`` into the text field identified by ``locator``.</doc>
<msg timestamp="20221115 13:42:37.537" level="INFO">Typing text 'O'Driscole' into text field 'lastname'.</msg>
<status status="PASS" starttime="20221115 13:42:37.537" endtime="20221115 13:42:37.586"/>
</kw>
<kw name="Input Text" library="RPA.Browser.Selenium">
<arg>salesresult</arg>
<arg>${salesrep}[Sales]</arg>
<doc>Types the given ``text`` into the text field identified by ``locator``.</doc>
<msg timestamp="20221115 13:42:37.587" level="INFO">Typing text '70981' into text field 'salesresult'.</msg>
<status status="PASS" starttime="20221115 13:42:37.586" endtime="20221115 13:42:37.634"/>
</kw>
<kw name="Select From List By Value" library="RPA.Browser.Selenium">
<arg>salestarget</arg>
<arg>${salesrep}[Sales Target]</arg>
<doc>Selects options from selection list ``locator`` by ``values``.</doc>
<msg timestamp="20221115 13:42:37.634" level="INFO">Selecting options from selection list 'salestarget' by value 10000.</msg>
<status status="PASS" starttime="20221115 13:42:37.634" endtime="20221115 13:42:37.673"/>
</kw>
<kw name="Click Button" library="RPA.Browser.Selenium">
<arg>Submit</arg>
<doc>Clicks the button identified by ``locator``.</doc>
<msg timestamp="20221115 13:42:37.674" level="INFO">Clicking button 'Submit'.</msg>
<status status="PASS" starttime="20221115 13:42:37.673" endtime="20221115 13:42:37.778"/>
</kw>
<status status="PASS" starttime="20221115 13:42:37.484" endtime="20221115 13:42:37.778"/>
</kw>
<status status="PASS" starttime="20221115 13:42:37.484" endtime="20221115 13:42:37.778"/>
</iter>
<iter>
<var name="${salesrep}">{'First Name': 'Mickie', 'Last Name': 'Linbohm', 'Sales': '80516', 'Sales Target': '10000'}</var>
<kw name="Enter data for each person">
<arg>${salesrep}</arg>
<kw name="Input Text" library="RPA.Browser.Selenium">
<arg>firstname</arg>
<arg>${salesrep}[First Name]</arg>
<doc>Types the given ``text`` into the text field identified by ``locator``.</doc>
<msg timestamp="20221115 13:42:37.779" level="INFO">Typing text 'Mickie' into text field 'firstname'.</msg>
<status status="PASS" starttime="20221115 13:42:37.779" endtime="20221115 13:42:37.832"/>
</kw>
<kw name="Input Text" library="RPA.Browser.Selenium">
<arg>lastname</arg>
<arg>${salesrep}[Last Name]</arg>
<doc>Types the given ``text`` into the text field identified by ``locator``.</doc>
<msg timestamp="20221115 13:42:37.833" level="INFO">Typing text 'Linbohm' into text field 'lastname'.</msg>
<status status="PASS" starttime="20221115 13:42:37.833" endtime="20221115 13:42:37.881"/>
</kw>
<kw name="Input Text" library="RPA.Browser.Selenium">
<arg>salesresult</arg>
<arg>${salesrep}[Sales]</arg>
<doc>Types the given ``text`` into the text field identified by ``locator``.</doc>
<msg timestamp="20221115 13:42:37.881" level="INFO">Typing text '80516' into text field 'salesresult'.</msg>
<status status="PASS" starttime="20221115 13:42:37.881" endtime="20221115 13:42:37.928"/>
</kw>
<kw name="Select From List By Value" library="RPA.Browser.Selenium">
<arg>salestarget</arg>
<arg>${salesrep}[Sales Target]</arg>
<doc>Selects options from selection list ``locator`` by ``values``.</doc>
<msg timestamp="20221115 13:42:37.929" level="INFO">Selecting options from selection list 'salestarget' by value 10000.</msg>
<status status="PASS" starttime="20221115 13:42:37.928" endtime="20221115 13:42:37.971"/>
</kw>
<kw name="Click Button" library="RPA.Browser.Selenium">
<arg>Submit</arg>
<doc>Clicks the button identified by ``locator``.</doc>
<msg timestamp="20221115 13:42:37.971" level="INFO">Clicking button 'Submit'.</msg>
<status status="PASS" starttime="20221115 13:42:37.971" endtime="20221115 13:42:38.207"/>
</kw>
<status status="PASS" starttime="20221115 13:42:37.778" endtime="20221115 13:42:38.207"/>
</kw>
<status status="PASS" starttime="20221115 13:42:37.778" endtime="20221115 13:42:38.207"/>
</iter>
<iter>
<var name="${salesrep}">{'First Name': 'Isaac', 'Last Name': 'Asimov', 'Sales': '118852', 'Sales Target': '65000'}</var>
<kw name="Enter data for each person">
<arg>${salesrep}</arg>
<kw name="Input Text" library="RPA.Browser.Selenium">
<arg>firstname</arg>
<arg>${salesrep}[First Name]</arg>
<doc>Types the given ``text`` into the text field identified by ``locator``.</doc>
<msg timestamp="20221115 13:42:38.208" level="INFO">Typing text 'Isaac' into text field 'firstname'.</msg>
<status status="PASS" starttime="20221115 13:42:38.207" endtime="20221115 13:42:38.264"/>
</kw>
<kw name="Input Text" library="RPA.Browser.Selenium">
<arg>lastname</arg>
<arg>${salesrep}[Last Name]</arg>
<doc>Types the given ``text`` into the text field identified by ``locator``.</doc>
<msg timestamp="20221115 13:42:38.265" level="INFO">Typing text 'Asimov' into text field 'lastname'.</msg>
<status status="PASS" starttime="20221115 13:42:38.264" endtime="20221115 13:42:38.313"/>
</kw>
<kw name="Input Text" library="RPA.Browser.Selenium">
<arg>salesresult</arg>
<arg>${salesrep}[Sales]</arg>
<doc>Types the given ``text`` into the text field identified by ``locator``.</doc>
<msg timestamp="20221115 13:42:38.313" level="INFO">Typing text '118852' into text field 'salesresult'.</msg>
<status status="PASS" starttime="20221115 13:42:38.313" endtime="20221115 13:42:38.363"/>
</kw>
<kw name="Select From List By Value" library="RPA.Browser.Selenium">
<arg>salestarget</arg>
<arg>${salesrep}[Sales Target]</arg>
<doc>Selects options from selection list ``locator`` by ``values``.</doc>
<msg timestamp="20221115 13:42:38.363" level="INFO">Selecting options from selection list 'salestarget' by value 65000.</msg>
<status status="PASS" starttime="20221115 13:42:38.363" endtime="20221115 13:42:38.403"/>
</kw>
<kw name="Click Button" library="RPA.Browser.Selenium">
<arg>Submit</arg>
<doc>Clicks the button identified by ``locator``.</doc>
<msg timestamp="20221115 13:42:38.403" level="INFO">Clicking button 'Submit'.</msg>
<status status="PASS" starttime="20221115 13:42:38.403" endtime="20221115 13:42:38.523"/>
</kw>
<status status="PASS" starttime="20221115 13:42:38.207" endtime="20221115 13:42:38.523"/>
</kw>
<status status="PASS" starttime="20221115 13:42:38.207" endtime="20221115 13:42:38.523"/>
</iter>
<iter>
<var name="${salesrep}">{'First Name': 'Florence', 'Last Name': 'Mundow', 'Sales': '122953', 'Sales Target': '10000'}</var>
<kw name="Enter data for each person">
<arg>${salesrep}</arg>
<kw name="Input Text" library="RPA.Browser.Selenium">
<arg>firstname</arg>
<arg>${salesrep}[First Name]</arg>
<doc>Types the given ``text`` into the text field identified by ``locator``.</doc>
<msg timestamp="20221115 13:42:38.524" level="INFO">Typing text 'Florence' into text field 'firstname'.</msg>
<status status="PASS" starttime="20221115 13:42:38.523" endtime="20221115 13:42:38.589"/>
</kw>
<kw name="Input Text" library="RPA.Browser.Selenium">
<arg>lastname</arg>
<arg>${salesrep}[Last Name]</arg>
<doc>Types the given ``text`` into the text field identified by ``locator``.</doc>
<msg timestamp="20221115 13:42:38.589" level="INFO">Typing text 'Mundow' into text field 'lastname'.</msg>
<status status="PASS" starttime="20221115 13:42:38.589" endtime="20221115 13:42:38.637"/>
</kw>
<kw name="Input Text" library="RPA.Browser.Selenium">
<arg>salesresult</arg>
<arg>${salesrep}[Sales]</arg>
<doc>Types the given ``text`` into the text field identified by ``locator``.</doc>
<msg timestamp="20221115 13:42:38.637" level="INFO">Typing text '122953' into text field 'salesresult'.</msg>
<status status="PASS" starttime="20221115 13:42:38.637" endtime="20221115 13:42:38.685"/>
</kw>
<kw name="Select From List By Value" library="RPA.Browser.Selenium">
<arg>salestarget</arg>
<arg>${salesrep}[Sales Target]</arg>
<doc>Selects options from selection list ``locator`` by ``values``.</doc>
<msg timestamp="20221115 13:42:38.685" level="INFO">Selecting options from selection list 'salestarget' by value 10000.</msg>
<status status="PASS" starttime="20221115 13:42:38.685" endtime="20221115 13:42:38.725"/>
</kw>
<kw name="Click Button" library="RPA.Browser.Selenium">
<arg>Submit</arg>
<doc>Clicks the button identified by ``locator``.</doc>
<msg timestamp="20221115 13:42:38.725" level="INFO">Clicking button 'Submit'.</msg>
<status status="PASS" starttime="20221115 13:42:38.725" endtime="20221115 13:42:38.964"/>
</kw>
<status status="PASS" starttime="20221115 13:42:38.523" endtime="20221115 13:42:38.964"/>
</kw>
<status status="PASS" starttime="20221115 13:42:38.523" endtime="20221115 13:42:38.964"/>
</iter>
<iter>
<var name="${salesrep}">{'First Name': 'Mahalia', 'Last Name': 'Goodee', 'Sales': '46997', 'Sales Target': '45000'}</var>
<kw name="Enter data for each person">
<arg>${salesrep}</arg>
<kw name="Input Text" library="RPA.Browser.Selenium">
<arg>firstname</arg>
<arg>${salesrep}[First Name]</arg>
<doc>Types the given ``text`` into the text field identified by ``locator``.</doc>
<msg timestamp="20221115 13:42:38.964" level="INFO">Typing text 'Mahalia' into text field 'firstname'.</msg>
<status status="PASS" starttime="20221115 13:42:38.964" endtime="20221115 13:42:39.059"/>
</kw>
<kw name="Input Text" library="RPA.Browser.Selenium">
<arg>lastname</arg>
<arg>${salesrep}[Last Name]</arg>
<doc>Types the given ``text`` into the text field identified by ``locator``.</doc>
<msg timestamp="20221115 13:42:39.060" level="INFO">Typing text 'Goodee' into text field 'lastname'.</msg>
<status status="PASS" starttime="20221115 13:42:39.059" endtime="20221115 13:42:39.106"/>
</kw>
<kw name="Input Text" library="RPA.Browser.Selenium">
<arg>salesresult</arg>
<arg>${salesrep}[Sales]</arg>
<doc>Types the given ``text`` into the text field identified by ``locator``.</doc>
<msg timestamp="20221115 13:42:39.107" level="INFO">Typing text '46997' into text field 'salesresult'.</msg>
<status status="PASS" starttime="20221115 13:42:39.106" endtime="20221115 13:42:39.155"/>
</kw>
<kw name="Select From List By Value" library="RPA.Browser.Selenium">
<arg>salestarget</arg>
<arg>${salesrep}[Sales Target]</arg>
<doc>Selects options from selection list ``locator`` by ``values``.</doc>
<msg timestamp="20221115 13:42:39.156" level="INFO">Selecting options from selection list 'salestarget' by value 45000.</msg>
<status status="PASS" starttime="20221115 13:42:39.155" endtime="20221115 13:42:39.203"/>
</kw>
<kw name="Click Button" library="RPA.Browser.Selenium">
<arg>Submit</arg>
<doc>Clicks the button identified by ``locator``.</doc>
<msg timestamp="20221115 13:42:39.203" level="INFO">Clicking button 'Submit'.</msg>
<status status="PASS" starttime="20221115 13:42:39.203" endtime="20221115 13:42:39.367"/>
</kw>
<status status="PASS" starttime="20221115 13:42:38.964" endtime="20221115 13:42:39.367"/>
</kw>
<status status="PASS" starttime="20221115 13:42:38.964" endtime="20221115 13:42:39.367"/>
</iter>
<iter>
<var name="${salesrep}">{'First Name': 'Christy', 'Last Name': 'Iwaszkiewicz', 'Sales': '91465', 'Sales Target': '100000'}</var>
<kw name="Enter data for each person">
<arg>${salesrep}</arg>
<kw name="Input Text" library="RPA.Browser.Selenium">
<arg>firstname</arg>
<arg>${salesrep}[First Name]</arg>
<doc>Types the given ``text`` into the text field identified by ``locator``.</doc>
<msg timestamp="20221115 13:42:39.368" level="INFO">Typing text 'Christy' into text field 'firstname'.</msg>
<status status="PASS" starttime="20221115 13:42:39.368" endtime="20221115 13:42:39.443"/>
</kw>
<kw name="Input Text" library="RPA.Browser.Selenium">
<arg>lastname</arg>
<arg>${salesrep}[Last Name]</arg>
<doc>Types the given ``text`` into the text field identified by ``locator``.</doc>
<msg timestamp="20221115 13:42:39.444" level="INFO">Typing text 'Iwaszkiewicz' into text field 'lastname'.</msg>
<status status="PASS" starttime="20221115 13:42:39.443" endtime="20221115 13:42:39.497"/>
</kw>
<kw name="Input Text" library="RPA.Browser.Selenium">
<arg>salesresult</arg>
<arg>${salesrep}[Sales]</arg>
<doc>Types the given ``text`` into the text field identified by ``locator``.</doc>
<msg timestamp="20221115 13:42:39.498" level="INFO">Typing text '91465' into text field 'salesresult'.</msg>
<status status="PASS" starttime="20221115 13:42:39.497" endtime="20221115 13:42:39.549"/>
</kw>
<kw name="Select From List By Value" library="RPA.Browser.Selenium">
<arg>salestarget</arg>
<arg>${salesrep}[Sales Target]</arg>
<doc>Selects options from selection list ``locator`` by ``values``.</doc>
<msg timestamp="20221115 13:42:39.550" level="INFO">Selecting options from selection list 'salestarget' by value 100000.</msg>
<status status="PASS" starttime="20221115 13:42:39.549" endtime="20221115 13:42:39.595"/>
</kw>
<kw name="Click Button" library="RPA.Browser.Selenium">
<arg>Submit</arg>
<doc>Clicks the button identified by ``locator``.</doc>
<msg timestamp="20221115 13:42:39.595" level="INFO">Clicking button 'Submit'.</msg>
<status status="PASS" starttime="20221115 13:42:39.595" endtime="20221115 13:42:39.727"/>
</kw>
<status status="PASS" starttime="20221115 13:42:39.368" endtime="20221115 13:42:39.728"/>
</kw>
<status status="PASS" starttime="20221115 13:42:39.368" endtime="20221115 13:42:39.728"/>
</iter>
<iter>
<var name="${salesrep}">{'First Name': 'Madelyn', 'Last Name': 'Sire', 'Sales': '66825', 'Sales Target': '60000'}</var>
<kw name="Enter data for each person">
<arg>${salesrep}</arg>
<kw name="Input Text" library="RPA.Browser.Selenium">
<arg>firstname</arg>
<arg>${salesrep}[First Name]</arg>
<doc>Types the given ``text`` into the text field identified by ``locator``.</doc>
<msg timestamp="20221115 13:42:39.728" level="INFO">Typing text 'Madelyn' into text field 'firstname'.</msg>
<status status="PASS" starttime="20221115 13:42:39.728" endtime="20221115 13:42:39.783"/>
</kw>
<kw name="Input Text" library="RPA.Browser.Selenium">
<arg>lastname</arg>
<arg>${salesrep}[Last Name]</arg>
<doc>Types the given ``text`` into the text field identified by ``locator``.</doc>
<msg timestamp="20221115 13:42:39.783" level="INFO">Typing text 'Sire' into text field 'lastname'.</msg>
<status status="PASS" starttime="20221115 13:42:39.783" endtime="20221115 13:42:39.831"/>
</kw>
<kw name="Input Text" library="RPA.Browser.Selenium">
<arg>salesresult</arg>
<arg>${salesrep}[Sales]</arg>
<doc>Types the given ``text`` into the text field identified by ``locator``.</doc>
<msg timestamp="20221115 13:42:39.831" level="INFO">Typing text '66825' into text field 'salesresult'.</msg>
<status status="PASS" starttime="20221115 13:42:39.831" endtime="20221115 13:42:39.880"/>
</kw>
<kw name="Select From List By Value" library="RPA.Browser.Selenium">
<arg>salestarget</arg>
<arg>${salesrep}[Sales Target]</arg>
<doc>Selects options from selection list ``locator`` by ``values``.</doc>
<msg timestamp="20221115 13:42:39.880" level="INFO">Selecting options from selection list 'salestarget' by value 60000.</msg>
<status status="PASS" starttime="20221115 13:42:39.880" endtime="20221115 13:42:39.919"/>
</kw>
<kw name="Click Button" library="RPA.Browser.Selenium">
<arg>Submit</arg>
<doc>Clicks the button identified by ``locator``.</doc>
<msg timestamp="20221115 13:42:39.919" level="INFO">Clicking button 'Submit'.</msg>
<status status="PASS" starttime="20221115 13:42:39.919" endtime="20221115 13:42:40.045"/>
</kw>
<status status="PASS" starttime="20221115 13:42:39.728" endtime="20221115 13:42:40.045"/>
</kw>
<status status="PASS" starttime="20221115 13:42:39.728" endtime="20221115 13:42:40.045"/>
</iter>
<iter>
<var name="${salesrep}">{'First Name': 'Thurstan', 'Last Name': 'Karus', 'Sales': '131244', 'Sales Target': '50000'}</var>
<kw name="Enter data for each person">
<arg>${salesrep}</arg>
<kw name="Input Text" library="RPA.Browser.Selenium">
<arg>firstname</arg>
<arg>${salesrep}[First Name]</arg>
<doc>Types the given ``text`` into the text field identified by ``locator``.</doc>
<msg timestamp="20221115 13:42:40.046" level="INFO">Typing text 'Thurstan' into text field 'firstname'.</msg>
<status status="PASS" starttime="20221115 13:42:40.046" endtime="20221115 13:42:40.101"/>
</kw>
<kw name="Input Text" library="RPA.Browser.Selenium">
<arg>lastname</arg>
<arg>${salesrep}[Last Name]</arg>
<doc>Types the given ``text`` into the text field identified by ``locator``.</doc>
<msg timestamp="20221115 13:42:40.101" level="INFO">Typing text 'Karus' into text field 'lastname'.</msg>
<status status="PASS" starttime="20221115 13:42:40.101" endtime="20221115 13:42:40.149"/>
</kw>
<kw name="Input Text" library="RPA.Browser.Selenium">
<arg>salesresult</arg>
<arg>${salesrep}[Sales]</arg>
<doc>Types the given ``text`` into the text field identified by ``locator``.</doc>
<msg timestamp="20221115 13:42:40.150" level="INFO">Typing text '131244' into text field 'salesresult'.</msg>
<status status="PASS" starttime="20221115 13:42:40.149" endtime="20221115 13:42:40.199"/>
</kw>
<kw name="Select From List By Value" library="RPA.Browser.Selenium">
<arg>salestarget</arg>
<arg>${salesrep}[Sales Target]</arg>
<doc>Selects options from selection list ``locator`` by ``values``.</doc>
<msg timestamp="20221115 13:42:40.199" level="INFO">Selecting options from selection list 'salestarget' by value 50000.</msg>
<status status="PASS" starttime="20221115 13:42:40.199" endtime="20221115 13:42:40.248"/>
</kw>
<kw name="Click Button" library="RPA.Browser.Selenium">
<arg>Submit</arg>
<doc>Clicks the button identified by ``locator``.</doc>
<msg timestamp="20221115 13:42:40.248" level="INFO">Clicking button 'Submit'.</msg>
<status status="PASS" starttime="20221115 13:42:40.248" endtime="20221115 13:42:40.462"/>
</kw>
<status status="PASS" starttime="20221115 13:42:40.046" endtime="20221115 13:42:40.462"/>
</kw>
<status status="PASS" starttime="20221115 13:42:40.045" endtime="20221115 13:42:40.462"/>
</iter>
<iter>
<var name="${salesrep}">{'First Name': 'Bibi', 'Last Name': 'Rosita', 'Sales': '94131', 'Sales Target': '30000'}</var>
<kw name="Enter data for each person">
<arg>${salesrep}</arg>
<kw name="Input Text" library="RPA.Browser.Selenium">
<arg>firstname</arg>
<arg>${salesrep}[First Name]</arg>
<doc>Types the given ``text`` into the text field identified by ``locator``.</doc>
<msg timestamp="20221115 13:42:40.463" level="INFO">Typing text 'Bibi' into text field 'firstname'.</msg>
<status status="PASS" starttime="20221115 13:42:40.463" endtime="20221115 13:42:40.516"/>
</kw>
<kw name="Input Text" library="RPA.Browser.Selenium">
<arg>lastname</arg>
<arg>${salesrep}[Last Name]</arg>
<doc>Types the given ``text`` into the text field identified by ``locator``.</doc>
<msg timestamp="20221115 13:42:40.517" level="INFO">Typing text 'Rosita' into text field 'lastname'.</msg>
<status status="PASS" starttime="20221115 13:42:40.517" endtime="20221115 13:42:40.565"/>
</kw>
<kw name="Input Text" library="RPA.Browser.Selenium">
<arg>salesresult</arg>
<arg>${salesrep}[Sales]</arg>
<doc>Types the given ``text`` into the text field identified by ``locator``.</doc>
<msg timestamp="20221115 13:42:40.566" level="INFO">Typing text '94131' into text field 'salesresult'.</msg>
<status status="PASS" starttime="20221115 13:42:40.566" endtime="20221115 13:42:40.613"/>
</kw>
<kw name="Select From List By Value" library="RPA.Browser.Selenium">
<arg>salestarget</arg>
<arg>${salesrep}[Sales Target]</arg>
<doc>Selects options from selection list ``locator`` by ``values``.</doc>
<msg timestamp="20221115 13:42:40.614" level="INFO">Selecting options from selection list 'salestarget' by value 30000.</msg>
<status status="PASS" starttime="20221115 13:42:40.613" endtime="20221115 13:42:40.655"/>
</kw>
<kw name="Click Button" library="RPA.Browser.Selenium">
<arg>Submit</arg>
<doc>Clicks the button identified by ``locator``.</doc>
<msg timestamp="20221115 13:42:40.655" level="INFO">Clicking button 'Submit'.</msg>
<status status="PASS" starttime="20221115 13:42:40.655" endtime="20221115 13:42:40.842"/>
</kw>
<status status="PASS" starttime="20221115 13:42:40.463" endtime="20221115 13:42:40.843"/>
</kw>
<status status="PASS" starttime="20221115 13:42:40.462" endtime="20221115 13:42:40.843"/>
</iter>
<iter>
<var name="${salesrep}">{'First Name': 'Abbe', 'Last Name': 'Aldcorn', 'Sales': '97489', 'Sales Target': '60000'}</var>
<kw name="Enter data for each person">
<arg>${salesrep}</arg>
<kw name="Input Text" library="RPA.Browser.Selenium">
<arg>firstname</arg>
<arg>${salesrep}[First Name]</arg>
<doc>Types the given ``text`` into the text field identified by ``locator``.</doc>
<msg timestamp="20221115 13:42:40.843" level="INFO">Typing text 'Abbe' into text field 'firstname'.</msg>
<status status="PASS" starttime="20221115 13:42:40.843" endtime="20221115 13:42:40.899"/>
</kw>
<kw name="Input Text" library="RPA.Browser.Selenium">
<arg>lastname</arg>
<arg>${salesrep}[Last Name]</arg>
<doc>Types the given ``text`` into the text field identified by ``locator``.</doc>
<msg timestamp="20221115 13:42:40.900" level="INFO">Typing text 'Aldcorn' into text field 'lastname'.</msg>
<status status="PASS" starttime="20221115 13:42:40.899" endtime="20221115 13:42:40.953"/>
</kw>
<kw name="Input Text" library="RPA.Browser.Selenium">
<arg>salesresult</arg>
<arg>${salesrep}[Sales]</arg>
<doc>Types the given ``text`` into the text field identified by ``locator``.</doc>
<msg timestamp="20221115 13:42:40.953" level="INFO">Typing text '97489' into text field 'salesresult'.</msg>
<status status="PASS" starttime="20221115 13:42:40.953" endtime="20221115 13:42:41.006"/>
</kw>
<kw name="Select From List By Value" library="RPA.Browser.Selenium">
<arg>salestarget</arg>
<arg>${salesrep}[Sales Target]</arg>
<doc>Selects options from selection list ``locator`` by ``values``.</doc>
<msg timestamp="20221115 13:42:41.007" level="INFO">Selecting options from selection list 'salestarget' by value 60000.</msg>
<status status="PASS" starttime="20221115 13:42:41.006" endtime="20221115 13:42:41.054"/>
</kw>
<kw name="Click Button" library="RPA.Browser.Selenium">
<arg>Submit</arg>
<doc>Clicks the button identified by ``locator``.</doc>
<msg timestamp="20221115 13:42:41.054" level="INFO">Clicking button 'Submit'.</msg>
<status status="PASS" starttime="20221115 13:42:41.054" endtime="20221115 13:42:41.200"/>
</kw>
<status status="PASS" starttime="20221115 13:42:40.843" endtime="20221115 13:42:41.200"/>
</kw>
<status status="PASS" starttime="20221115 13:42:40.843" endtime="20221115 13:42:41.200"/>
</iter>
<iter>
<var name="${salesrep}">{'First Name': 'Ariadne', 'Last Name': 'Kiessel', 'Sales': '86637', 'Sales Target': '70000'}</var>
<kw name="Enter data for each person">
<arg>${salesrep}</arg>
<kw name="Input Text" library="RPA.Browser.Selenium">
<arg>firstname</arg>
<arg>${salesrep}[First Name]</arg>
<doc>Types the given ``text`` into the text field identified by ``locator``.</doc>
<msg timestamp="20221115 13:42:41.201" level="INFO">Typing text 'Ariadne' into text field 'firstname'.</msg>
<status status="PASS" starttime="20221115 13:42:41.201" endtime="20221115 13:42:41.256"/>
</kw>
<kw name="Input Text" library="RPA.Browser.Selenium">
<arg>lastname</arg>
<arg>${salesrep}[Last Name]</arg>
<doc>Types the given ``text`` into the text field identified by ``locator``.</doc>
<msg timestamp="20221115 13:42:41.256" level="INFO">Typing text 'Kiessel' into text field 'lastname'.</msg>
<status status="PASS" starttime="20221115 13:42:41.256" endtime="20221115 13:42:41.309"/>
</kw>
<kw name="Input Text" library="RPA.Browser.Selenium">
<arg>salesresult</arg>
<arg>${salesrep}[Sales]</arg>
<doc>Types the given ``text`` into the text field identified by ``locator``.</doc>
<msg timestamp="20221115 13:42:41.309" level="INFO">Typing text '86637' into text field 'salesresult'.</msg>
<status status="PASS" starttime="20221115 13:42:41.309" endtime="20221115 13:42:41.360"/>
</kw>
<kw name="Select From List By Value" library="RPA.Browser.Selenium">
<arg>salestarget</arg>
<arg>${salesrep}[Sales Target]</arg>
<doc>Selects options from selection list ``locator`` by ``values``.</doc>
<msg timestamp="20221115 13:42:41.360" level="INFO">Selecting options from selection list 'salestarget' by value 70000.</msg>
<status status="PASS" starttime="20221115 13:42:41.360" endtime="20221115 13:42:41.410"/>
</kw>
<kw name="Click Button" library="RPA.Browser.Selenium">
<arg>Submit</arg>
<doc>Clicks the button identified by ``locator``.</doc>
<msg timestamp="20221115 13:42:41.410" level="INFO">Clicking button 'Submit'.</msg>
<status status="PASS" starttime="20221115 13:42:41.410" endtime="20221115 13:42:41.537"/>
</kw>
<status status="PASS" starttime="20221115 13:42:41.200" endtime="20221115 13:42:41.537"/>
</kw>
<status status="PASS" starttime="20221115 13:42:41.200" endtime="20221115 13:42:41.537"/>
</iter>
<iter>
<var name="${salesrep}">{'First Name': 'Tiffany', 'Last Name': 'Emerine', 'Sales': '124313', 'Sales Target': '50000'}</var>
<kw name="Enter data for each person">
<arg>${salesrep}</arg>
<kw name="Input Text" library="RPA.Browser.Selenium">
<arg>firstname</arg>
<arg>${salesrep}[First Name]</arg>
<doc>Types the given ``text`` into the text field identified by ``locator``.</doc>
<msg timestamp="20221115 13:42:41.537" level="INFO">Typing text 'Tiffany' into text field 'firstname'.</msg>
<status status="PASS" starttime="20221115 13:42:41.537" endtime="20221115 13:42:41.590"/>
</kw>
<kw name="Input Text" library="RPA.Browser.Selenium">
<arg>lastname</arg>
<arg>${salesrep}[Last Name]</arg>
<doc>Types the given ``text`` into the text field identified by ``locator``.</doc>
<msg timestamp="20221115 13:42:41.590" level="INFO">Typing text 'Emerine' into text field 'lastname'.</msg>
<status status="PASS" starttime="20221115 13:42:41.590" endtime="20221115 13:42:41.639"/>
</kw>
<kw name="Input Text" library="RPA.Browser.Selenium">
<arg>salesresult</arg>
<arg>${salesrep}[Sales]</arg>
<doc>Types the given ``text`` into the text field identified by ``locator``.</doc>
<msg timestamp="20221115 13:42:41.640" level="INFO">Typing text '124313' into text field 'salesresult'.</msg>
<status status="PASS" starttime="20221115 13:42:41.639" endtime="20221115 13:42:41.689"/>
</kw>
<kw name="Select From List By Value" library="RPA.Browser.Selenium">
<arg>salestarget</arg>
<arg>${salesrep}[Sales Target]</arg>
<doc>Selects options from selection list ``locator`` by ``values``.</doc>
<msg timestamp="20221115 13:42:41.689" level="INFO">Selecting options from selection list 'salestarget' by value 50000.</msg>
<status status="PASS" starttime="20221115 13:42:41.689" endtime="20221115 13:42:41.732"/>
</kw>
<kw name="Click Button" library="RPA.Browser.Selenium">
<arg>Submit</arg>
<doc>Clicks the button identified by ``locator``.</doc>
<msg timestamp="20221115 13:42:41.732" level="INFO">Clicking button 'Submit'.</msg>
<status status="PASS" starttime="20221115 13:42:41.732" endtime="20221115 13:42:41.889"/>
</kw>
<status status="PASS" starttime="20221115 13:42:41.537" endtime="20221115 13:42:41.890"/>
</kw>
<status status="PASS" starttime="20221115 13:42:41.537" endtime="20221115 13:42:41.890"/>
</iter>
<iter>
<var name="${salesrep}">{'First Name': 'Jelene', 'Last Name': 'Pridden', 'Sales': '91489', 'Sales Target': '35000'}</var>
<kw name="Enter data for each person">
<arg>${salesrep}</arg>
<kw name="Input Text" library="RPA.Browser.Selenium">
<arg>firstname</arg>
<arg>${salesrep}[First Name]</arg>
<doc>Types the given ``text`` into the text field identified by ``locator``.</doc>
<msg timestamp="20221115 13:42:41.890" level="INFO">Typing text 'Jelene' into text field 'firstname'.</msg>
<status status="PASS" starttime="20221115 13:42:41.890" endtime="20221115 13:42:41.944"/>
</kw>
<kw name="Input Text" library="RPA.Browser.Selenium">
<arg>lastname</arg>
<arg>${salesrep}[Last Name]</arg>
<doc>Types the given ``text`` into the text field identified by ``locator``.</doc>
<msg timestamp="20221115 13:42:41.945" level="INFO">Typing text 'Pridden' into text field 'lastname'.</msg>
<status status="PASS" starttime="20221115 13:42:41.945" endtime="20221115 13:42:41.995"/>
</kw>
<kw name="Input Text" library="RPA.Browser.Selenium">
<arg>salesresult</arg>
<arg>${salesrep}[Sales]</arg>
<doc>Types the given ``text`` into the text field identified by ``locator``.</doc>
<msg timestamp="20221115 13:42:41.996" level="INFO">Typing text '91489' into text field 'salesresult'.</msg>
<status status="PASS" starttime="20221115 13:42:41.996" endtime="20221115 13:42:42.043"/>
</kw>
<kw name="Select From List By Value" library="RPA.Browser.Selenium">
<arg>salestarget</arg>
<arg>${salesrep}[Sales Target]</arg>
<doc>Selects options from selection list ``locator`` by ``values``.</doc>
<msg timestamp="20221115 13:42:42.043" level="INFO">Selecting options from selection list 'salestarget' by value 35000.</msg>
<status status="PASS" starttime="20221115 13:42:42.043" endtime="20221115 13:42:42.087"/>
</kw>
<kw name="Click Button" library="RPA.Browser.Selenium">
<arg>Submit</arg>
<doc>Clicks the button identified by ``locator``.</doc>
<msg timestamp="20221115 13:42:42.087" level="INFO">Clicking button 'Submit'.</msg>
<status status="PASS" starttime="20221115 13:42:42.087" endtime="20221115 13:42:42.268"/>
</kw>
<status status="PASS" starttime="20221115 13:42:41.890" endtime="20221115 13:42:42.268"/>
</kw>
<status status="PASS" starttime="20221115 13:42:41.890" endtime="20221115 13:42:42.268"/>
</iter>
<iter>
<var name="${salesrep}">{'First Name': 'Claus', 'Last Name': 'Bawcock', 'Sales': '140602', 'Sales Target': '25000'}</var>
<kw name="Enter data for each person">
<arg>${salesrep}</arg>
<kw name="Input Text" library="RPA.Browser.Selenium">
<arg>firstname</arg>
<arg>${salesrep}[First Name]</arg>
<doc>Types the given ``text`` into the text field identified by ``locator``.</doc>
<msg timestamp="20221115 13:42:42.269" level="INFO">Typing text 'Claus' into text field 'firstname'.</msg>
<status status="PASS" starttime="20221115 13:42:42.269" endtime="20221115 13:42:42.323"/>
</kw>
<kw name="Input Text" library="RPA.Browser.Selenium">
<arg>lastname</arg>
<arg>${salesrep}[Last Name]</arg>
<doc>Types the given ``text`` into the text field identified by ``locator``.</doc>
<msg timestamp="20221115 13:42:42.323" level="INFO">Typing text 'Bawcock' into text field 'lastname'.</msg>
<status status="PASS" starttime="20221115 13:42:42.323" endtime="20221115 13:42:42.377"/>
</kw>
<kw name="Input Text" library="RPA.Browser.Selenium">
<arg>salesresult</arg>
<arg>${salesrep}[Sales]</arg>
<doc>Types the given ``text`` into the text field identified by ``locator``.</doc>
<msg timestamp="20221115 13:42:42.377" level="INFO">Typing text '140602' into text field 'salesresult'.</msg>
<status status="PASS" starttime="20221115 13:42:42.377" endtime="20221115 13:42:42.425"/>
</kw>
<kw name="Select From List By Value" library="RPA.Browser.Selenium">
<arg>salestarget</arg>
<arg>${salesrep}[Sales Target]</arg>
<doc>Selects options from selection list ``locator`` by ``values``.</doc>
<msg timestamp="20221115 13:42:42.426" level="INFO">Selecting options from selection list 'salestarget' by value 25000.</msg>
<status status="PASS" starttime="20221115 13:42:42.426" endtime="20221115 13:42:42.467"/>
</kw>
<kw name="Click Button" library="RPA.Browser.Selenium">
<arg>Submit</arg>
<doc>Clicks the button identified by ``locator``.</doc>
<msg timestamp="20221115 13:42:42.468" level="INFO">Clicking button 'Submit'.</msg>
<status status="PASS" starttime="20221115 13:42:42.467" endtime="20221115 13:42:42.624"/>
</kw>
<status status="PASS" starttime="20221115 13:42:42.268" endtime="20221115 13:42:42.624"/>
</kw>
<status status="PASS" starttime="20221115 13:42:42.268" endtime="20221115 13:42:42.624"/>
</iter>
<iter>
<var name="${salesrep}">{'First Name': 'Ameline', 'Last Name': 'Olivello', 'Sales': '60101', 'Sales Target': '80000'}</var>
<kw name="Enter data for each person">
<arg>${salesrep}</arg>
<kw name="Input Text" library="RPA.Browser.Selenium">
<arg>firstname</arg>
<arg>${salesrep}[First Name]</arg>
<doc>Types the given ``text`` into the text field identified by ``locator``.</doc>
<msg timestamp="20221115 13:42:42.625" level="INFO">Typing text 'Ameline' into text field 'firstname'.</msg>
<status status="PASS" starttime="20221115 13:42:42.625" endtime="20221115 13:42:42.679"/>
</kw>
<kw name="Input Text" library="RPA.Browser.Selenium">
<arg>lastname</arg>
<arg>${salesrep}[Last Name]</arg>
<doc>Types the given ``text`` into the text field identified by ``locator``.</doc>
<msg timestamp="20221115 13:42:42.680" level="INFO">Typing text 'Olivello' into text field 'lastname'.</msg>
<status status="PASS" starttime="20221115 13:42:42.679" endtime="20221115 13:42:42.731"/>
</kw>
<kw name="Input Text" library="RPA.Browser.Selenium">
<arg>salesresult</arg>
<arg>${salesrep}[Sales]</arg>
<doc>Types the given ``text`` into the text field identified by ``locator``.</doc>
<msg timestamp="20221115 13:42:42.731" level="INFO">Typing text '60101' into text field 'salesresult'.</msg>
<status status="PASS" starttime="20221115 13:42:42.731" endtime="20221115 13:42:42.778"/>
</kw>
<kw name="Select From List By Value" library="RPA.Browser.Selenium">
<arg>salestarget</arg>
<arg>${salesrep}[Sales Target]</arg>
<doc>Selects options from selection list ``locator`` by ``values``.</doc>
[...]
<msg timestamp="20221115 13:42:48.792" level="INFO">head subsetting not needed</msg>
<msg timestamp="20221115 13:42:48.792" level="INFO">hhea subsetting not needed</msg>
<msg timestamp="20221115 13:42:48.792" level="INFO">maxp subsetting not needed</msg>
<msg timestamp="20221115 13:42:48.792" level="INFO">OS/2 subsetting not needed</msg>
<msg timestamp="20221115 13:42:48.793" level="INFO">hmtx subsetted</msg>
<msg timestamp="20221115 13:42:48.794" level="INFO">cmap subsetted</msg>
<msg timestamp="20221115 13:42:48.794" level="INFO">loca subsetting not needed</msg>
<msg timestamp="20221115 13:42:48.794" level="INFO">post subsetted</msg>
<msg timestamp="20221115 13:42:48.794" level="INFO">name subsetting not needed</msg>
<msg timestamp="20221115 13:42:48.794" level="INFO">glyf subsetted</msg>
<msg timestamp="20221115 13:42:48.794" level="INFO">head pruned</msg>
<msg timestamp="20221115 13:42:48.794" level="INFO">OS/2 Unicode ranges pruned: [0]</msg>
<msg timestamp="20221115 13:42:48.795" level="INFO">glyf pruned</msg>
<status status="PASS" starttime="20221115 13:42:48.617" endtime="20221115 13:42:48.801"/>
</kw>
<kw name="Print To Pdf" library="RPA.Browser.Selenium">
<arg>${OUTPUT_DIR}${/}files${/}other.pdf</arg>
<doc>Print the current page to a PDF document using Chrome/Chromium DevTools.</doc>
<status status="PASS" starttime="20221115 13:42:48.801" endtime="20221115 13:42:49.817"/>
</kw>
<kw name="Set Variable" library="BuiltIn">
<var>${image}</var>
<arg>${OUTPUT_DIR}${/}files${/}sales_summary.png</arg>
<doc>Returns the given values which can then be assigned to a variables.</doc>
<msg timestamp="20221115 13:42:49.817" level="INFO">${image} = /Users/madmac/Desktop/robot/output/files/sales_summary.png</msg>
<status status="PASS" starttime="20221115 13:42:49.817" endtime="20221115 13:42:49.817"/>
</kw>
<kw name="Set Variable" library="BuiltIn">
<var>${TEMPLATE}</var>
<arg>devdata/test.template</arg>
<doc>Returns the given values which can then be assigned to a variables.</doc>
<msg timestamp="20221115 13:42:49.817" level="INFO">${TEMPLATE} = devdata/test.template</msg>
<status status="PASS" starttime="20221115 13:42:49.817" endtime="20221115 13:42:49.817"/>
</kw>
<kw name="Set Variable" library="BuiltIn">
<var>${PDF}</var>
<arg>${OUTPUT_DIR}${/}combined.pdf</arg>
<doc>Returns the given values which can then be assigned to a variables.</doc>
<msg timestamp="20221115 13:42:49.818" level="INFO">${PDF} = /Users/madmac/Desktop/robot/output/combined.pdf</msg>
<status status="PASS" starttime="20221115 13:42:49.818" endtime="20221115 13:42:49.818"/>
</kw>
<kw name="Create Dictionary" library="BuiltIn">
<var>${DATA}</var>
<arg>image=${image}</arg>
<arg>sales_results_html=${sales_results_html}</arg>
<doc>Creates and returns a dictionary based on the given ``items``.</doc>
<msg timestamp="20221115 13:42:49.818" level="INFO">${DATA} = {'image': '/Users/madmac/Desktop/robot/output/files/sales_summary.png', 'sales_results_html': '&lt;div id="sales-results"&gt;&lt;table class="table table-dark table-striped"&gt;&lt;thead&gt;&lt;tr&gt;&lt;th width="24%" scope="c...</msg>
<status status="PASS" starttime="20221115 13:42:49.818" endtime="20221115 13:42:49.818"/>
</kw>
<kw name="Template Html To Pdf" library="RPA.PDF">
<arg>template=${TEMPLATE}</arg>
<arg>output_path=${PDF}</arg>
<arg>variables=${DATA}</arg>
<doc>Use HTML template file to generate PDF file.</doc>
<msg timestamp="20221115 13:42:49.819" level="INFO">Writing output to file /Users/madmac/Desktop/robot/output/combined.pdf</msg>
<msg timestamp="20221115 13:42:49.932" level="INFO">maxp pruned</msg>
<msg timestamp="20221115 13:42:49.932" level="INFO">cmap pruned</msg>
<msg timestamp="20221115 13:42:49.932" level="INFO">post pruned</msg>
<msg timestamp="20221115 13:42:49.932" level="INFO">GDEF dropped</msg>
<msg timestamp="20221115 13:42:49.932" level="INFO">GPOS dropped</msg>
<msg timestamp="20221115 13:42:49.932" level="INFO">GSUB dropped</msg>
<msg timestamp="20221115 13:42:49.933" level="INFO">name pruned</msg>
<msg timestamp="20221115 13:42:49.935" level="INFO">glyf pruned</msg>
<msg timestamp="20221115 13:42:49.935" level="INFO">Added gid0 to subset</msg>
<msg timestamp="20221115 13:42:49.935" level="INFO">Added first four glyphs to subset</msg>
<msg timestamp="20221115 13:42:49.935" level="INFO">Closing glyph list over 'glyf': 66 glyphs before</msg>
<msg timestamp="20221115 13:42:49.935" level="INFO">Glyph names: ['.notdef', '.null', 'uni0020', 'uni0024', 'uni0027', 'uni002C', 'uni002D', 'uni0030', 'uni0031', 'uni0032', 'uni0033', 'uni0034', 'uni0035', 'uni0036', 'uni0037', 'uni0038', 'uni0039', 'uni0041', 'uni0042', 'uni0043', 'uni0044', 'uni0045', 'uni0046', 'uni0047', 'uni0048', 'uni0049', 'uni004A', 'uni004B', 'uni004C', 'uni004D', 'uni004E', 'uni004F', 'uni0050', 'uni0052', 'uni0053', 'uni0054', 'uni0055', 'uni0056', 'uni0057', 'uni0059', 'uni0061', 'uni0062', 'uni0063', 'uni0064', 'uni0065', 'uni0066', 'uni0067', 'uni0068', 'uni0069', 'uni006B', 'uni006C', 'uni006D', 'uni006E', 'uni006F', 'uni0070', 'uni0072', 'uni0073', 'uni0074', 'uni0075', 'uni0076', 'uni0077', 'uni0079', 'uni007A', 'uni007B', 'uni007D', 'uni00C4']</msg>
<msg timestamp="20221115 13:42:49.936" level="INFO">Glyph IDs:   [0, 1, 2, 3, 65, 73, 84, 95, 137, 141, 161, 197, 265, 270, 280, 291, 299, 320, 374, 382, 395, 409, 421, 453, 456, 469, 504, 575, 582, 594, 612, 645, 650, 660, 679, 715, 723, 752, 759, 775, 827, 837, 867, 884, 899, 932, 936, 950, 973, 1262, 1294, 1295, 1296, 1298, 1299, 1300, 1302, 1303, 1304, 1305, 1345, 1346, 1361, 1388, 1403, 1681]</msg>
<msg timestamp="20221115 13:42:49.936" level="INFO">Closed glyph list over 'glyf': 66 glyphs after</msg>
<msg timestamp="20221115 13:42:49.936" level="INFO">Glyph names: ['.notdef', '.null', 'uni0020', 'uni0024', 'uni0027', 'uni002C', 'uni002D', 'uni0030', 'uni0031', 'uni0032', 'uni0033', 'uni0034', 'uni0035', 'uni0036', 'uni0037', 'uni0038', 'uni0039', 'uni0041', 'uni0042', 'uni0043', 'uni0044', 'uni0045', 'uni0046', 'uni0047', 'uni0048', 'uni0049', 'uni004A', 'uni004B', 'uni004C', 'uni004D', 'uni004E', 'uni004F', 'uni0050', 'uni0052', 'uni0053', 'uni0054', 'uni0055', 'uni0056', 'uni0057', 'uni0059', 'uni0061', 'uni0062', 'uni0063', 'uni0064', 'uni0065', 'uni0066', 'uni0067', 'uni0068', 'uni0069', 'uni006B', 'uni006C', 'uni006D', 'uni006E', 'uni006F', 'uni0070', 'uni0072', 'uni0073', 'uni0074', 'uni0075', 'uni0076', 'uni0077', 'uni0079', 'uni007A', 'uni007B', 'uni007D', 'uni00C4']</msg>
<msg timestamp="20221115 13:42:49.936" level="INFO">Glyph IDs:   [0, 1, 2, 3, 65, 73, 84, 95, 137, 141, 161, 197, 265, 270, 280, 291, 299, 320, 374, 382, 395, 409, 421, 453, 456, 469, 504, 575, 582, 594, 612, 645, 650, 660, 679, 715, 723, 752, 759, 775, 827, 837, 867, 884, 899, 932, 936, 950, 973, 1262, 1294, 1295, 1296, 1298, 1299, 1300, 1302, 1303, 1304, 1305, 1345, 1346, 1361, 1388, 1403, 1681]</msg>
<msg timestamp="20221115 13:42:49.936" level="INFO">Retaining 66 glyphs</msg>
<msg timestamp="20221115 13:42:49.936" level="INFO">head subsetting not needed</msg>
<msg timestamp="20221115 13:42:49.936" level="INFO">hhea subsetting not needed</msg>
<msg timestamp="20221115 13:42:49.936" level="INFO">maxp subsetting not needed</msg>
<msg timestamp="20221115 13:42:49.936" level="INFO">OS/2 subsetting not needed</msg>
<msg timestamp="20221115 13:42:49.937" level="INFO">hmtx subsetted</msg>
<msg timestamp="20221115 13:42:49.938" level="INFO">cmap subsetted</msg>
<msg timestamp="20221115 13:42:49.938" level="INFO">prep subsetting not needed</msg>
<msg timestamp="20221115 13:42:49.938" level="INFO">loca subsetting not needed</msg>
<msg timestamp="20221115 13:42:49.938" level="INFO">post subsetted</msg>
<msg timestamp="20221115 13:42:49.938" level="INFO">gasp subsetting not needed</msg>
<msg timestamp="20221115 13:42:49.938" level="INFO">STAT subsetting not needed</msg>
<msg timestamp="20221115 13:42:49.938" level="INFO">name subsetting not needed</msg>
<msg timestamp="20221115 13:42:49.939" level="INFO">glyf subsetted</msg>
<msg timestamp="20221115 13:42:49.939" level="INFO">head pruned</msg>
<msg timestamp="20221115 13:42:49.939" level="INFO">OS/2 Unicode ranges pruned: [0]</msg>
<msg timestamp="20221115 13:42:49.940" level="INFO">glyf pruned</msg>
<msg timestamp="20221115 13:42:49.961" level="INFO">maxp pruned</msg>
<msg timestamp="20221115 13:42:49.961" level="INFO">cmap pruned</msg>
<msg timestamp="20221115 13:42:49.961" level="INFO">post pruned</msg>
<msg timestamp="20221115 13:42:49.961" level="INFO">GDEF dropped</msg>
<msg timestamp="20221115 13:42:49.961" level="INFO">GPOS dropped</msg>
<msg timestamp="20221115 13:42:49.961" level="INFO">GSUB dropped</msg>
<msg timestamp="20221115 13:42:49.961" level="INFO">name pruned</msg>
<msg timestamp="20221115 13:42:49.963" level="INFO">glyf pruned</msg>
<msg timestamp="20221115 13:42:49.964" level="INFO">Added gid0 to subset</msg>
<msg timestamp="20221115 13:42:49.964" level="INFO">Added first four glyphs to subset</msg>
<msg timestamp="20221115 13:42:49.964" level="INFO">Closing glyph list over 'glyf': 35 glyphs before</msg>
<msg timestamp="20221115 13:42:49.964" level="INFO">Glyph names: ['.notdef', '.null', 'uni0020', 'uni0030', 'uni0031', 'uni0032', 'uni0033', 'uni0034', 'uni0035', 'uni0036', 'uni0037', 'uni0038', 'uni0039', 'uni0041', 'uni0044', 'uni004E', 'uni0052', 'uni0054', 'uni0061', 'uni0062', 'uni0063', 'uni0065', 'uni0066', 'uni0067', 'uni0069', 'uni006C', 'uni006D', 'uni006E', 'uni0072', 'uni0073', 'uni0074', 'uni0075', 'uni007B', 'uni007D', 'uni00C4']</msg>
<msg timestamp="20221115 13:42:49.964" level="INFO">Glyph IDs:   [0, 1, 2, 3, 84, 299, 382, 409, 504, 575, 582, 612, 645, 650, 679, 723, 752, 759, 837, 867, 884, 899, 1294, 1295, 1296, 1298, 1299, 1300, 1302, 1303, 1304, 1305, 1345, 1346, 1681]</msg>
<msg timestamp="20221115 13:42:49.964" level="INFO">Closed glyph list over 'glyf': 35 glyphs after</msg>
<msg timestamp="20221115 13:42:49.964" level="INFO">Glyph names: ['.notdef', '.null', 'uni0020', 'uni0030', 'uni0031', 'uni0032', 'uni0033', 'uni0034', 'uni0035', 'uni0036', 'uni0037', 'uni0038', 'uni0039', 'uni0041', 'uni0044', 'uni004E', 'uni0052', 'uni0054', 'uni0061', 'uni0062', 'uni0063', 'uni0065', 'uni0066', 'uni0067', 'uni0069', 'uni006C', 'uni006D', 'uni006E', 'uni0072', 'uni0073', 'uni0074', 'uni0075', 'uni007B', 'uni007D', 'uni00C4']</msg>
<msg timestamp="20221115 13:42:49.964" level="INFO">Glyph IDs:   [0, 1, 2, 3, 84, 299, 382, 409, 504, 575, 582, 612, 645, 650, 679, 723, 752, 759, 837, 867, 884, 899, 1294, 1295, 1296, 1298, 1299, 1300, 1302, 1303, 1304, 1305, 1345, 1346, 1681]</msg>
<msg timestamp="20221115 13:42:49.965" level="INFO">Retaining 35 glyphs</msg>
<msg timestamp="20221115 13:42:49.965" level="INFO">head subsetting not needed</msg>
<msg timestamp="20221115 13:42:49.965" level="INFO">hhea subsetting not needed</msg>
<msg timestamp="20221115 13:42:49.965" level="INFO">maxp subsetting not needed</msg>
<msg timestamp="20221115 13:42:49.965" level="INFO">OS/2 subsetting not needed</msg>
<msg timestamp="20221115 13:42:49.966" level="INFO">hmtx subsetted</msg>
<msg timestamp="20221115 13:42:49.968" level="INFO">cmap subsetted</msg>
<msg timestamp="20221115 13:42:49.968" level="INFO">prep subsetting not needed</msg>
<msg timestamp="20221115 13:42:49.968" level="INFO">loca subsetting not needed</msg>
<msg timestamp="20221115 13:42:49.968" level="INFO">post subsetted</msg>
<msg timestamp="20221115 13:42:49.968" level="INFO">gasp subsetting not needed</msg>
<msg timestamp="20221115 13:42:49.968" level="INFO">STAT subsetting not needed</msg>
<msg timestamp="20221115 13:42:49.968" level="INFO">name subsetting not needed</msg>
<msg timestamp="20221115 13:42:49.968" level="INFO">glyf subsetted</msg>
<msg timestamp="20221115 13:42:49.969" level="INFO">head pruned</msg>
<msg timestamp="20221115 13:42:49.969" level="INFO">OS/2 Unicode ranges pruned: [0]</msg>
<msg timestamp="20221115 13:42:49.969" level="INFO">glyf pruned</msg>
<msg timestamp="20221115 13:42:49.984" level="INFO">maxp pruned</msg>
<msg timestamp="20221115 13:42:49.984" level="INFO">cmap pruned</msg>
<msg timestamp="20221115 13:42:49.984" level="INFO">post pruned</msg>
<msg timestamp="20221115 13:42:49.984" level="INFO">GDEF dropped</msg>
<msg timestamp="20221115 13:42:49.984" level="INFO">GPOS dropped</msg>
<msg timestamp="20221115 13:42:49.984" level="INFO">GSUB dropped</msg>
<msg timestamp="20221115 13:42:49.984" level="INFO">name pruned</msg>
<msg timestamp="20221115 13:42:49.986" level="INFO">glyf pruned</msg>
<msg timestamp="20221115 13:42:49.988" level="INFO">Added gid0 to subset</msg>
<msg timestamp="20221115 13:42:49.988" level="INFO">Added first four glyphs to subset</msg>
<msg timestamp="20221115 13:42:49.989" level="INFO">Closing glyph list over 'glyf': 18 glyphs before</msg>
<msg timestamp="20221115 13:42:49.989" level="INFO">Glyph names: ['.notdef', '.null', 'uni0020', 'uni0030', 'uni0031', 'uni0032', 'uni0033', 'uni0034', 'uni0035', 'uni0036', 'uni0037', 'uni0038', 'uni0039', 'uni0062', 'uni006E', 'uni007B', 'uni007D', 'uni00A0']</msg>
<msg timestamp="20221115 13:42:49.989" level="INFO">Glyph IDs:   [0, 1, 2, 3, 544, 727, 1256, 1257, 1258, 1260, 1261, 1262, 1264, 1265, 1266, 1267, 1307, 1308]</msg>
<msg timestamp="20221115 13:42:49.989" level="INFO">Closed glyph list over 'glyf': 18 glyphs after</msg>
<msg timestamp="20221115 13:42:49.989" level="INFO">Glyph names: ['.notdef', '.null', 'uni0020', 'uni0030', 'uni0031', 'uni0032', 'uni0033', 'uni0034', 'uni0035', 'uni0036', 'uni0037', 'uni0038', 'uni0039', 'uni0062', 'uni006E', 'uni007B', 'uni007D', 'uni00A0']</msg>
<msg timestamp="20221115 13:42:49.989" level="INFO">Glyph IDs:   [0, 1, 2, 3, 544, 727, 1256, 1257, 1258, 1260, 1261, 1262, 1264, 1265, 1266, 1267, 1307, 1308]</msg>
<msg timestamp="20221115 13:42:49.989" level="INFO">Retaining 18 glyphs</msg>
<msg timestamp="20221115 13:42:49.989" level="INFO">head subsetting not needed</msg>
<msg timestamp="20221115 13:42:49.989" level="INFO">hhea subsetting not needed</msg>
<msg timestamp="20221115 13:42:49.989" level="INFO">maxp subsetting not needed</msg>
<msg timestamp="20221115 13:42:49.989" level="INFO">OS/2 subsetting not needed</msg>
<msg timestamp="20221115 13:42:49.990" level="INFO">hmtx subsetted</msg>
<msg timestamp="20221115 13:42:49.991" level="INFO">cmap subsetted</msg>
<msg timestamp="20221115 13:42:49.991" level="INFO">loca subsetting not needed</msg>
<msg timestamp="20221115 13:42:49.991" level="INFO">post subsetted</msg>
<msg timestamp="20221115 13:42:49.991" level="INFO">name subsetting not needed</msg>
<msg timestamp="20221115 13:42:49.992" level="INFO">glyf subsetted</msg>
<msg timestamp="20221115 13:42:49.993" level="INFO">head pruned</msg>
<msg timestamp="20221115 13:42:49.993" level="INFO">OS/2 Unicode ranges pruned: [0]</msg>
<msg timestamp="20221115 13:42:49.993" level="INFO">glyf pruned</msg>
<msg timestamp="20221115 13:42:50.004" level="INFO">maxp pruned</msg>
<msg timestamp="20221115 13:42:50.005" level="INFO">cmap pruned</msg>
<msg timestamp="20221115 13:42:50.005" level="INFO">post pruned</msg>
<msg timestamp="20221115 13:42:50.005" level="INFO">GDEF dropped</msg>
<msg timestamp="20221115 13:42:50.005" level="INFO">GPOS dropped</msg>
<msg timestamp="20221115 13:42:50.005" level="INFO">GSUB dropped</msg>
<msg timestamp="20221115 13:42:50.005" level="INFO">name pruned</msg>
<msg timestamp="20221115 13:42:50.007" level="INFO">glyf pruned</msg>
<msg timestamp="20221115 13:42:50.009" level="INFO">Added gid0 to subset</msg>
<msg timestamp="20221115 13:42:50.009" level="INFO">Added first four glyphs to subset</msg>
<msg timestamp="20221115 13:42:50.009" level="INFO">Closing glyph list over 'glyf': 18 glyphs before</msg>
<msg timestamp="20221115 13:42:50.009" level="INFO">Glyph names: ['.notdef', '.null', 'uni0020', 'uni0030', 'uni0031', 'uni0032', 'uni0033', 'uni0034', 'uni0035', 'uni0036', 'uni0037', 'uni0038', 'uni0039', 'uni0062', 'uni006E', 'uni007B', 'uni007D', 'uni00A0']</msg>
<msg timestamp="20221115 13:42:50.009" level="INFO">Glyph IDs:   [0, 1, 2, 3, 544, 727, 1256, 1257, 1258, 1260, 1261, 1262, 1264, 1265, 1266, 1267, 1307, 1308]</msg>
<msg timestamp="20221115 13:42:50.009" level="INFO">Closed glyph list over 'glyf': 18 glyphs after</msg>
<msg timestamp="20221115 13:42:50.009" level="INFO">Glyph names: ['.notdef', '.null', 'uni0020', 'uni0030', 'uni0031', 'uni0032', 'uni0033', 'uni0034', 'uni0035', 'uni0036', 'uni0037', 'uni0038', 'uni0039', 'uni0062', 'uni006E', 'uni007B', 'uni007D', 'uni00A0']</msg>
<msg timestamp="20221115 13:42:50.009" level="INFO">Glyph IDs:   [0, 1, 2, 3, 544, 727, 1256, 1257, 1258, 1260, 1261, 1262, 1264, 1265, 1266, 1267, 1307, 1308]</msg>
<msg timestamp="20221115 13:42:50.009" level="INFO">Retaining 18 glyphs</msg>
<msg timestamp="20221115 13:42:50.009" level="INFO">head subsetting not needed</msg>
<msg timestamp="20221115 13:42:50.009" level="INFO">hhea subsetting not needed</msg>
<msg timestamp="20221115 13:42:50.009" level="INFO">maxp subsetting not needed</msg>
<msg timestamp="20221115 13:42:50.010" level="INFO">OS/2 subsetting not needed</msg>
<msg timestamp="20221115 13:42:50.010" level="INFO">hmtx subsetted</msg>
<msg timestamp="20221115 13:42:50.011" level="INFO">cmap subsetted</msg>
<msg timestamp="20221115 13:42:50.011" level="INFO">loca subsetting not needed</msg>
<msg timestamp="20221115 13:42:50.011" level="INFO">post subsetted</msg>
<msg timestamp="20221115 13:42:50.011" level="INFO">name subsetting not needed</msg>
<msg timestamp="20221115 13:42:50.012" level="INFO">glyf subsetted</msg>
<msg timestamp="20221115 13:42:50.012" level="INFO">head pruned</msg>
<msg timestamp="20221115 13:42:50.012" level="INFO">OS/2 Unicode ranges pruned: [0]</msg>
<msg timestamp="20221115 13:42:50.012" level="INFO">glyf pruned</msg>
<status status="PASS" starttime="20221115 13:42:49.818" endtime="20221115 13:42:50.018"/>
</kw>
<status status="PASS" starttime="20221115 13:42:48.579" endtime="20221115 13:42:50.019"/>
</kw>
<kw name="Log out">
<kw name="Click Button" library="RPA.Browser.Selenium">
<arg>Log out</arg>
<doc>Clicks the button identified by ``locator``.</doc>
<msg timestamp="20221115 13:42:50.019" level="INFO">Clicking button 'Log out'.</msg>
<status status="PASS" starttime="20221115 13:42:50.019" endtime="20221115 13:42:50.069"/>
</kw>
<status status="PASS" starttime="20221115 13:42:50.019" endtime="20221115 13:42:50.069"/>
</kw>
<kw name="Save created files in an Archive">
<kw name="Archive Folder With Zip" library="RPA.Archive">
<arg>${OUTPUT_DIR}${/}files</arg>
<arg>${OUTPUT_DIR}${/}MyFiles.zip</arg>
<doc>Create a zip archive of a folder</doc>
<status status="PASS" starttime="20221115 13:42:50.070" endtime="20221115 13:42:50.072"/>
</kw>
<kw name="Remove Directory" library="RPA.FileSystem">
<arg>${OUTPUT_DIR}${/}files</arg>
<arg>recursive=${True}</arg>
<doc>Removes the given directory, and optionally everything it contains.</doc>
<status status="PASS" starttime="20221115 13:42:50.072" endtime="20221115 13:42:50.073"/>
</kw>
<status status="PASS" starttime="20221115 13:42:50.069" endtime="20221115 13:42:50.073"/>
</kw>
<kw name="Keep browser open">
<kw name="Pause Execution" library="Dialogs">
<doc>Pauses execution until user clicks ``Ok`` button.</doc>
<status status="PASS" starttime="20221115 13:42:50.073" endtime="20221115 13:42:54.745"/>
</kw>
<status status="PASS" starttime="20221115 13:42:50.073" endtime="20221115 13:42:54.745"/>
</kw>
<status status="PASS" starttime="20221115 13:42:19.176" endtime="20221115 13:42:54.745"/>
</test>
<doc>Insert the sales data for the week and export it as a PDF</doc>
<status status="PASS" starttime="20221115 13:42:18.077" endtime="20221115 13:42:54.746"/>
</suite>
<statistics>
<total>
<stat pass="1" fail="0" skip="0">All Tasks</stat>
</total>
<tag>
</tag>
<suite>
<stat pass="1" fail="0" skip="0" id="s1" name="Tasks">Tasks</stat>
</suite>
</statistics>
<errors>
</errors>
</robot>
